Log file open, 07/24/20 09:32:42
LogInit: Display: Running engine for game: CageBreak
LogPlatformFile: Not using cached read wrapper
LogTaskGraph: Started task graph with 5 named threads and 23 total threads with 3 sets of task threads.
LogStats: Stats thread started at 0.201972
LogD3D11RHI: Loaded GFSDK_Aftermath_Lib.x64.dll
LogICUInternationalization: ICU TimeZone Detection - Raw Offset: -3:00, Platform Override: ''
LogPluginManager: Mounting plugin Paper2D
LogPluginManager: Mounting plugin AISupport
LogPluginManager: Mounting plugin LightPropagationVolume
LogPluginManager: Mounting plugin CameraShakePreviewer
LogPluginManager: Mounting plugin ActorLayerUtilities
LogPluginManager: Mounting plugin AnimationSharing
LogPluginManager: Mounting plugin CLionSourceCodeAccess
LogPluginManager: Mounting plugin CodeLiteSourceCodeAccess
LogPluginManager: Mounting plugin GitSourceControl
LogPluginManager: Mounting plugin KDevelopSourceCodeAccess
LogPluginManager: Mounting plugin NullSourceCodeAccess
LogPluginManager: Mounting plugin PerforceSourceControl
LogPluginManager: Mounting plugin PlasticSourceControl
LogPluginManager: Mounting plugin RiderSourceCodeAccess
LogPluginManager: Mounting plugin SubversionSourceControl
LogPluginManager: Mounting plugin UObjectPlugin
LogPluginManager: Mounting plugin VisualStudioCodeSourceCodeAccess
LogPluginManager: Mounting plugin VisualStudioSourceCodeAccess
LogPluginManager: Mounting plugin XCodeSourceCodeAccess
LogPluginManager: Mounting plugin AssetManagerEditor
LogPluginManager: Mounting plugin CryptoKeys
LogPluginManager: Mounting plugin CurveEditorTools
LogPluginManager: Mounting plugin DataValidation
LogPluginManager: Mounting plugin EditorScriptingUtilities
LogPluginManager: Mounting plugin FacialAnimation
LogPluginManager: Mounting plugin GameplayTagsEditor
LogPluginManager: Mounting plugin GeometryMode
LogPluginManager: Mounting plugin MacGraphicsSwitching
LogPluginManager: Mounting plugin MaterialAnalyzer
LogPluginManager: Mounting plugin MobileLauncherProfileWizard
LogPluginManager: Mounting plugin PluginBrowser
LogPluginManager: Mounting plugin SpeedTreeImporter
LogPluginManager: Mounting plugin DatasmithContent
LogPluginManager: Mounting plugin VariantManagerContent
LogPluginManager: Mounting plugin AlembicImporter
LogPluginManager: Mounting plugin AutomationUtils
LogPluginManager: Mounting plugin BackChannel
LogPluginManager: Mounting plugin ChaosCloth
LogPluginManager: Mounting plugin ChaosClothEditor
LogPluginManager: Mounting plugin ChaosEditor
LogPluginManager: Mounting plugin ChaosNiagara
LogPluginManager: Mounting plugin ChaosSolverPlugin
LogPluginManager: Mounting plugin CharacterAI
LogPluginManager: Mounting plugin GeometryCache
LogPluginManager: Mounting plugin GeometryCollectionPlugin
LogPluginManager: Mounting plugin GeometryProcessing
LogPluginManager: Mounting plugin PlanarCut
LogPluginManager: Mounting plugin PlatformCrypto
LogPluginManager: Mounting plugin ProxyLODPlugin
LogPluginManager: Mounting plugin SkeletalReduction
LogPluginManager: Mounting plugin Niagara
LogPluginManager: Mounting plugin MagicLeap
LogPluginManager: Mounting plugin MagicLeapLightEstimation
LogPluginManager: Mounting plugin MagicLeapMedia
LogPluginManager: Mounting plugin MagicLeapPassableWorld
LogPluginManager: Mounting plugin MLSDK
LogPluginManager: Mounting plugin AndroidMedia
LogPluginManager: Mounting plugin AvfMedia
LogPluginManager: Mounting plugin ImgMedia
LogPluginManager: Mounting plugin MediaCompositing
LogPluginManager: Mounting plugin MediaPlayerEditor
LogPluginManager: Mounting plugin WebMMedia
LogPluginManager: Mounting plugin WmfMedia
LogPluginManager: Mounting plugin MeshPainting
LogPluginManager: Mounting plugin TcpMessaging
LogPluginManager: Mounting plugin UdpMessaging
LogPluginManager: Mounting plugin ActorSequence
LogPluginManager: Mounting plugin LevelSequenceEditor
LogPluginManager: Mounting plugin MatineeToLevelSequence
LogPluginManager: Mounting plugin MovieRenderPipeline
LogPluginManager: Mounting plugin TemplateSequence
LogPluginManager: Mounting plugin NetcodeUnitTest
LogPluginManager: Mounting plugin NUTUnrealEngine4
LogPluginManager: Mounting plugin OnlineSubsystemGooglePlay
LogPluginManager: Mounting plugin OnlineSubsystemIOS
LogPluginManager: Mounting plugin OnlineSubsystem
LogPluginManager: Mounting plugin OnlineSubsystemNull
LogPluginManager: Mounting plugin OnlineSubsystemUtils
LogPluginManager: Mounting plugin LauncherChunkInstaller
LogPluginManager: Mounting plugin AndroidDeviceProfileSelector
LogPluginManager: Mounting plugin AndroidMoviePlayer
LogPluginManager: Mounting plugin AndroidPermission
LogPluginManager: Mounting plugin AppleImageUtils
LogPluginManager: Mounting plugin AppleMoviePlayer
LogPluginManager: Mounting plugin ArchVisCharacter
LogPluginManager: Mounting plugin AssetTags
LogPluginManager: Mounting plugin AudioCapture
LogPluginManager: Mounting plugin CableComponent
LogPluginManager: Mounting plugin CustomMeshComponent
LogPluginManager: Mounting plugin EditableMesh
LogPluginManager: Mounting plugin ExampleDeviceProfileSelector
LogPluginManager: Mounting plugin GoogleCloudMessaging
LogPluginManager: Mounting plugin GooglePAD
LogPluginManager: Mounting plugin IOSDeviceProfileSelector
LogPluginManager: Mounting plugin LinuxDeviceProfileSelector
LogPluginManager: Mounting plugin LocationServicesBPLibrary
LogPluginManager: Mounting plugin MobilePatchingUtils
LogPluginManager: Mounting plugin OculusVR
LogPluginManager: Mounting plugin PhysXVehicles
LogPluginManager: Mounting plugin PostSplashScreen
LogPluginManager: Mounting plugin ProceduralMeshComponent
LogPluginManager: Mounting plugin RuntimePhysXCooking
LogPluginManager: Mounting plugin SignificanceManager
LogPluginManager: Mounting plugin SoundFields
LogPluginManager: Mounting plugin SteamVR
LogPluginManager: Mounting plugin Synthesis
LogPluginManager: Mounting plugin WebMMoviePlayer
LogPluginManager: Mounting plugin WindowsMoviePlayer
LogPluginManager: Mounting plugin ScreenshotTools
LogInit: Using libcurl 7.55.1-DEV
LogInit:  - built for x86_64-pc-win32
LogInit:  - supports SSL with OpenSSL/1.1.1
LogInit:  - supports HTTP deflate (compression) using libz 1.2.8
LogInit:  - other features:
LogInit:      CURL_VERSION_SSL
LogInit:      CURL_VERSION_LIBZ
LogInit:      CURL_VERSION_IPV6
LogInit:      CURL_VERSION_ASYNCHDNS
LogInit:      CURL_VERSION_LARGEFILE
LogInit:      CURL_VERSION_IDN
LogInit:  CurlRequestOptions (configurable via config and command line):
LogInit:  - bVerifyPeer = true  - Libcurl will verify peer certificate
LogInit:  - bUseHttpProxy = false  - Libcurl will NOT use HTTP proxy
LogInit:  - bDontReuseConnections = false  - Libcurl will reuse connections
LogInit:  - MaxHostConnections = 16  - Libcurl will limit the number of connections to a host
LogInit:  - LocalHostAddr = Default
LogInit:  - BufferSize = 65536
LogOnline: OSS: Creating online subsystem instance for: NULL
LogInit: WinSock: version 1.1 (2.2), MaxSocks=32767, MaxUdp=65467
LogOnline: OSS: TryLoadSubsystemAndSetDefault: Loaded subsystem for module [NULL]
LogInit: Build: ++UE4+Release-4.25-CL-13908680
LogInit: Engine Version: 4.25.2-13908680+++UE4+Release-4.25
LogInit: Compatible Engine Version: 4.25.0-13144385+++UE4+Release-4.25
LogInit: Net CL: 13144385
LogInit: OS: Windows 10 (Release 1903) (), CPU: Intel(R) Core(TM) i7-4770K CPU @ 3.50GHz, GPU: AMD Radeon R7 200 Series
LogInit: Compiled (64-bit): Jul 22 2020 02:11:51
LogInit: Compiled with Visual C++: 19.24.28315.00
LogInit: Build Configuration: Development
LogInit: Branch Name: ++UE4+Release-4.25
LogInit: Command Line: 
LogInit: Base Directory: C:/Program Files/Epic Games/UE_4.25/Engine/Binaries/Win64/
LogInit: Allocator: TBB
LogInit: Installed Engine Build: 1
LogDevObjectVersion: Number of dev versions registered: 26
LogDevObjectVersion:   Dev-Blueprints (B0D832E4-1F89-4F0D-ACCF-7EB736FD4AA2): 10
LogDevObjectVersion:   Dev-Build (E1C64328-A22C-4D53-A36C-8E866417BD8C): 0
LogDevObjectVersion:   Dev-Core (375EC13C-06E4-48FB-B500-84F0262A717E): 4
LogDevObjectVersion:   Dev-Editor (E4B068ED-F494-42E9-A231-DA0B2E46BB41): 38
LogDevObjectVersion:   Dev-Framework (CFFC743F-43B0-4480-9391-14DF171D2073): 37
LogDevObjectVersion:   Dev-Mobile (B02B49B5-BB20-44E9-A304-32B752E40360): 2
LogDevObjectVersion:   Dev-Networking (A4E4105C-59A1-49B5-A7C5-40C4547EDFEE): 0
LogDevObjectVersion:   Dev-Online (39C831C9-5AE6-47DC-9A44-9C173E1C8E7C): 0
LogDevObjectVersion:   Dev-Physics (78F01B33-EBEA-4F98-B9B4-84EACCB95AA2): 4
LogDevObjectVersion:   Dev-Platform (6631380F-2D4D-43E0-8009-CF276956A95A): 0
LogDevObjectVersion:   Dev-Rendering (12F88B9F-8875-4AFC-A67C-D90C383ABD29): 43
LogDevObjectVersion:   Dev-Sequencer (7B5AE74C-D270-4C10-A958-57980B212A5A): 12
LogDevObjectVersion:   Dev-VR (D7296918-1DD6-4BDD-9DE2-64A83CC13884): 3
LogDevObjectVersion:   Dev-LoadTimes (C2A15278-BFE7-4AFE-6C17-90FF531DF755): 1
LogDevObjectVersion:   Private-Geometry (6EACA3D4-40EC-4CC1-B786-8BED09428FC5): 3
LogDevObjectVersion:   Dev-AnimPhys (29E575DD-E0A3-4627-9D10-D276232CDCEA): 17
LogDevObjectVersion:   Dev-Anim (AF43A65D-7FD3-4947-9873-3E8ED9C1BB05): 7
LogDevObjectVersion:   Dev-ReflectionCapture (6B266CEC-1EC7-4B8F-A30B-E4D90942FC07): 1
LogDevObjectVersion:   Dev-Automation (0DF73D61-A23F-47EA-B727-89E90C41499A): 1
LogDevObjectVersion:   FortniteMain (601D1886-AC64-4F84-AA16-D3DE0DEAC7D6): 31
LogDevObjectVersion:   Dev-Enterprise (9DFFBCD6-494F-0158-E221-12823C92A888): 10
LogDevObjectVersion:   Dev-Niagara (F2AED0AC-9AFE-416F-8664-AA7FFA26D6FC): 1
LogDevObjectVersion:   Dev-Destruction (174F1F0B-B4C6-45A5-B13F-2EE8D0FB917D): 10
LogDevObjectVersion:   Dev-Physics-Ext (35F94A83-E258-406C-A318-09F59610247C): 37
LogDevObjectVersion:   Dev-PhysicsMaterial-Chaos (B68FC16E-8B1B-42E2-B453-215C058844FE): 1
LogDevObjectVersion:   Dev-CineCamera (B2E18506-4273-CFC2-A54E-F4BB758BBA07): 1
LogInit: Presizing for max 25165824 objects, including 0 objects not considered by GC, pre-allocating 0 bytes for permanent pool.
LogConfig: Applying CVar settings from Section [/Script/Engine.StreamingSettings] File [C:/Users/felipe/Desktop/Felipe Documentos/Felipe Art/WIP/Personal Work/Environment/Cage Breaking/3D/Unreal/CageBreak/Cavernosa/Saved/Config/Windows/Engine.ini]
LogConfig: Setting CVar [[s.MinBulkDataSizeForAsyncLoading:131072]]
LogConfig: Setting CVar [[s.AsyncLoadingThreadEnabled:0]]
LogConfig: Setting CVar [[s.EventDrivenLoaderEnabled:1]]
LogConfig: Setting CVar [[s.WarnIfTimeLimitExceeded:0]]
LogConfig: Setting CVar [[s.TimeLimitExceededMultiplier:1.5]]
LogConfig: Setting CVar [[s.TimeLimitExceededMinTime:0.005]]
LogConfig: Setting CVar [[s.UseBackgroundLevelStreaming:1]]
LogConfig: Setting CVar [[s.PriorityAsyncLoadingExtraTime:15.0]]
LogConfig: Setting CVar [[s.LevelStreamingActorsUpdateTimeLimit:5.0]]
LogConfig: Setting CVar [[s.PriorityLevelStreamingActorsUpdateExtraTime:5.0]]
LogConfig: Setting CVar [[s.LevelStreamingComponentsRegistrationGranularity:10]]
LogConfig: Setting CVar [[s.UnregisterComponentsTimeLimit:1.0]]
LogConfig: Setting CVar [[s.LevelStreamingComponentsUnregistrationGranularity:5]]
LogConfig: Setting CVar [[s.FlushStreamingOnExit:1]]
LogInit: Object subsystem initialized
LogConfig: Setting CVar [[con.DebugEarlyDefault:1]]
LogConfig: Setting CVar [[r.setres:1280x720]]
[2020.07.24-12.32.43:076][  0]LogConfig: Setting CVar [[r.VSync:0]]
[2020.07.24-12.32.43:076][  0]LogConfig: Setting CVar [[r.RHICmdBypass:0]]
[2020.07.24-12.32.43:076][  0]LogConfig: Applying CVar settings from Section [/Script/Engine.RendererSettings] File [C:/Users/felipe/Desktop/Felipe Documentos/Felipe Art/WIP/Personal Work/Environment/Cage Breaking/3D/Unreal/CageBreak/Cavernosa/Saved/Config/Windows/Engine.ini]
[2020.07.24-12.32.43:076][  0]LogConfig: Setting CVar [[r.GPUCrashDebugging:0]]
[2020.07.24-12.32.43:076][  0]LogConfig: Applying CVar settings from Section [/Script/Engine.RendererOverrideSettings] File [C:/Users/felipe/Desktop/Felipe Documentos/Felipe Art/WIP/Personal Work/Environment/Cage Breaking/3D/Unreal/CageBreak/Cavernosa/Saved/Config/Windows/Engine.ini]
[2020.07.24-12.32.43:076][  0]LogConfig: Applying CVar settings from Section [/Script/Engine.StreamingSettings] File [C:/Users/felipe/Desktop/Felipe Documentos/Felipe Art/WIP/Personal Work/Environment/Cage Breaking/3D/Unreal/CageBreak/Cavernosa/Saved/Config/Windows/Engine.ini]
[2020.07.24-12.32.43:076][  0]LogConfig: Setting CVar [[s.MinBulkDataSizeForAsyncLoading:131072]]
[2020.07.24-12.32.43:076][  0]LogConfig: Setting CVar [[s.AsyncLoadingThreadEnabled:0]]
[2020.07.24-12.32.43:076][  0]LogConfig: Setting CVar [[s.EventDrivenLoaderEnabled:1]]
[2020.07.24-12.32.43:076][  0]LogConfig: Setting CVar [[s.WarnIfTimeLimitExceeded:0]]
[2020.07.24-12.32.43:076][  0]LogConfig: Setting CVar [[s.TimeLimitExceededMultiplier:1.5]]
[2020.07.24-12.32.43:076][  0]LogConfig: Setting CVar [[s.TimeLimitExceededMinTime:0.005]]
[2020.07.24-12.32.43:076][  0]LogConfig: Setting CVar [[s.UseBackgroundLevelStreaming:1]]
[2020.07.24-12.32.43:076][  0]LogConfig: Setting CVar [[s.PriorityAsyncLoadingExtraTime:15.0]]
[2020.07.24-12.32.43:076][  0]LogConfig: Setting CVar [[s.LevelStreamingActorsUpdateTimeLimit:5.0]]
[2020.07.24-12.32.43:076][  0]LogConfig: Setting CVar [[s.PriorityLevelStreamingActorsUpdateExtraTime:5.0]]
[2020.07.24-12.32.43:076][  0]LogConfig: Setting CVar [[s.LevelStreamingComponentsRegistrationGranularity:10]]
[2020.07.24-12.32.43:076][  0]LogConfig: Setting CVar [[s.UnregisterComponentsTimeLimit:1.0]]
[2020.07.24-12.32.43:076][  0]LogConfig: Setting CVar [[s.LevelStreamingComponentsUnregistrationGranularity:5]]
[2020.07.24-12.32.43:076][  0]LogConfig: Setting CVar [[s.FlushStreamingOnExit:1]]
[2020.07.24-12.32.43:076][  0]LogConfig: Applying CVar settings from Section [/Script/Engine.GarbageCollectionSettings] File [C:/Users/felipe/Desktop/Felipe Documentos/Felipe Art/WIP/Personal Work/Environment/Cage Breaking/3D/Unreal/CageBreak/Cavernosa/Saved/Config/Windows/Engine.ini]
[2020.07.24-12.32.43:076][  0]LogConfig: Setting CVar [[gc.MaxObjectsNotConsideredByGC:1]]
[2020.07.24-12.32.43:076][  0]LogConfig: Setting CVar [[gc.SizeOfPermanentObjectPool:0]]
[2020.07.24-12.32.43:076][  0]LogConfig: Setting CVar [[gc.FlushStreamingOnGC:0]]
[2020.07.24-12.32.43:076][  0]LogConfig: Setting CVar [[gc.NumRetriesBeforeForcingGC:10]]
[2020.07.24-12.32.43:076][  0]LogConfig: Setting CVar [[gc.AllowParallelGC:1]]
[2020.07.24-12.32.43:076][  0]LogConfig: Setting CVar [[gc.TimeBetweenPurgingPendingKillObjects:61.1]]
[2020.07.24-12.32.43:076][  0]LogConfig: Setting CVar [[gc.MaxObjectsInEditor:25165824]]
[2020.07.24-12.32.43:076][  0]LogConfig: Setting CVar [[gc.IncrementalBeginDestroyEnabled:1]]
[2020.07.24-12.32.43:076][  0]LogConfig: Setting CVar [[gc.CreateGCClusters:1]]
[2020.07.24-12.32.43:076][  0]LogConfig: Setting CVar [[gc.MinGCClusterSize:5]]
[2020.07.24-12.32.43:076][  0]LogConfig: Setting CVar [[gc.ActorClusteringEnabled:0]]
[2020.07.24-12.32.43:076][  0]LogConfig: Setting CVar [[gc.BlueprintClusteringEnabled:0]]
[2020.07.24-12.32.43:076][  0]LogConfig: Setting CVar [[gc.UseDisregardForGCOnDedicatedServers:0]]
[2020.07.24-12.32.43:076][  0]LogConfig: Applying CVar settings from Section [/Script/Engine.NetworkSettings] File [C:/Users/felipe/Desktop/Felipe Documentos/Felipe Art/WIP/Personal Work/Environment/Cage Breaking/3D/Unreal/CageBreak/Cavernosa/Saved/Config/Windows/Engine.ini]
[2020.07.24-12.32.43:076][  0]LogConfig: Applying CVar settings from Section [/Script/UnrealEd.CookerSettings] File [C:/Users/felipe/Desktop/Felipe Documentos/Felipe Art/WIP/Personal Work/Environment/Cage Breaking/3D/Unreal/CageBreak/Cavernosa/Saved/Config/Windows/Engine.ini]
[2020.07.24-12.32.43:082][  0]LogConfig: Applying CVar settings from Section [ViewDistanceQuality@3] File [C:/Users/felipe/Desktop/Felipe Documentos/Felipe Art/WIP/Personal Work/Environment/Cage Breaking/3D/Unreal/CageBreak/Cavernosa/Saved/Config/Windows/Scalability.ini]
[2020.07.24-12.32.43:082][  0]LogConfig: Setting CVar [[r.SkeletalMeshLODBias:0]]
[2020.07.24-12.32.43:082][  0]LogConfig: Setting CVar [[r.ViewDistanceScale:1.0]]
[2020.07.24-12.32.43:082][  0]LogConfig: Applying CVar settings from Section [AntiAliasingQuality@3] File [C:/Users/felipe/Desktop/Felipe Documentos/Felipe Art/WIP/Personal Work/Environment/Cage Breaking/3D/Unreal/CageBreak/Cavernosa/Saved/Config/Windows/Scalability.ini]
[2020.07.24-12.32.43:082][  0]LogConfig: Setting CVar [[r.PostProcessAAQuality:4]]
[2020.07.24-12.32.43:082][  0]LogConfig: Applying CVar settings from Section [ShadowQuality@3] File [C:/Users/felipe/Desktop/Felipe Documentos/Felipe Art/WIP/Personal Work/Environment/Cage Breaking/3D/Unreal/CageBreak/Cavernosa/Saved/Config/Windows/Scalability.ini]
[2020.07.24-12.32.43:082][  0]LogConfig: Setting CVar [[r.LightFunctionQuality:1]]
[2020.07.24-12.32.43:082][  0]LogConfig: Setting CVar [[r.ShadowQuality:5]]
[2020.07.24-12.32.43:082][  0]LogConfig: Setting CVar [[r.Shadow.CSM.MaxCascades:10]]
[2020.07.24-12.32.43:082][  0]LogConfig: Setting CVar [[r.Shadow.MaxResolution:2048]]
[2020.07.24-12.32.43:082][  0]LogConfig: Setting CVar [[r.Shadow.MaxCSMResolution:2048]]
[2020.07.24-12.32.43:082][  0]LogConfig: Setting CVar [[r.Shadow.RadiusThreshold:0.01]]
[2020.07.24-12.32.43:082][  0]LogConfig: Setting CVar [[r.Shadow.DistanceScale:1.0]]
[2020.07.24-12.32.43:082][  0]LogConfig: Setting CVar [[r.Shadow.CSM.TransitionScale:1.0]]
[2020.07.24-12.32.43:082][  0]LogConfig: Setting CVar [[r.Shadow.PreShadowResolutionFactor:1.0]]
[2020.07.24-12.32.43:082][  0]LogConfig: Setting CVar [[r.DistanceFieldShadowing:1]]
[2020.07.24-12.32.43:082][  0]LogConfig: Setting CVar [[r.DistanceFieldAO:1]]
[2020.07.24-12.32.43:082][  0]LogConfig: Setting CVar [[r.AOQuality:2]]
[2020.07.24-12.32.43:082][  0]LogConfig: Setting CVar [[r.VolumetricFog:1]]
[2020.07.24-12.32.43:082][  0]LogConfig: Setting CVar [[r.VolumetricFog.GridPixelSize:8]]
[2020.07.24-12.32.43:082][  0]LogConfig: Setting CVar [[r.VolumetricFog.GridSizeZ:128]]
[2020.07.24-12.32.43:082][  0]LogConfig: Setting CVar [[r.VolumetricFog.HistoryMissSupersampleCount:4]]
[2020.07.24-12.32.43:082][  0]LogConfig: Setting CVar [[r.LightMaxDrawDistanceScale:1]]
[2020.07.24-12.32.43:082][  0]LogConfig: Setting CVar [[r.CapsuleShadows:1]]
[2020.07.24-12.32.43:082][  0]LogConfig: Applying CVar settings from Section [PostProcessQuality@3] File [C:/Users/felipe/Desktop/Felipe Documentos/Felipe Art/WIP/Personal Work/Environment/Cage Breaking/3D/Unreal/CageBreak/Cavernosa/Saved/Config/Windows/Scalability.ini]
[2020.07.24-12.32.43:082][  0]LogConfig: Setting CVar [[r.MotionBlurQuality:4]]
[2020.07.24-12.32.43:082][  0]LogConfig: Setting CVar [[r.AmbientOcclusionMipLevelFactor:0.4]]
[2020.07.24-12.32.43:082][  0]LogConfig: Setting CVar [[r.AmbientOcclusionMaxQuality:100]]
[2020.07.24-12.32.43:082][  0]LogConfig: Setting CVar [[r.AmbientOcclusionLevels:-1]]
[2020.07.24-12.32.43:082][  0]LogConfig: Setting CVar [[r.AmbientOcclusionRadiusScale:1.0]]
[2020.07.24-12.32.43:082][  0]LogConfig: Setting CVar [[r.DepthOfFieldQuality:2]]
[2020.07.24-12.32.43:082][  0]LogConfig: Setting CVar [[r.RenderTargetPoolMin:400]]
[2020.07.24-12.32.43:082][  0]LogConfig: Setting CVar [[r.LensFlareQuality:2]]
[2020.07.24-12.32.43:082][  0]LogConfig: Setting CVar [[r.SceneColorFringeQuality:1]]
[2020.07.24-12.32.43:082][  0]LogConfig: Setting CVar [[r.EyeAdaptationQuality:2]]
[2020.07.24-12.32.43:082][  0]LogConfig: Setting CVar [[r.BloomQuality:5]]
[2020.07.24-12.32.43:082][  0]LogConfig: Setting CVar [[r.FastBlurThreshold:100]]
[2020.07.24-12.32.43:082][  0]LogConfig: Setting CVar [[r.Upscale.Quality:3]]
[2020.07.24-12.32.43:082][  0]LogConfig: Setting CVar [[r.Tonemapper.GrainQuantization:1]]
[2020.07.24-12.32.43:082][  0]LogConfig: Setting CVar [[r.LightShaftQuality:1]]
[2020.07.24-12.32.43:082][  0]LogConfig: Setting CVar [[r.Filter.SizeScale:1]]
[2020.07.24-12.32.43:082][  0]LogConfig: Setting CVar [[r.Tonemapper.Quality:5]]
[2020.07.24-12.32.43:082][  0]LogConfig: Setting CVar [[r.DOF.Gather.AccumulatorQuality:1        ; higher gathering accumulator quality]]
[2020.07.24-12.32.43:082][  0]LogConfig: Setting CVar [[r.DOF.Gather.PostfilterMethod:1          ; Median3x3 postfilering method]]
[2020.07.24-12.32.43:082][  0]LogConfig: Setting CVar [[r.DOF.Gather.EnableBokehSettings:0       ; no bokeh simulation when gathering]]
[2020.07.24-12.32.43:082][  0]LogConfig: Setting CVar [[r.DOF.Gather.RingCount:4                 ; medium number of samples when gathering]]
[2020.07.24-12.32.43:082][  0]LogConfig: Setting CVar [[r.DOF.Scatter.ForegroundCompositing:1    ; additive foreground scattering]]
[2020.07.24-12.32.43:082][  0]LogConfig: Setting CVar [[r.DOF.Scatter.BackgroundCompositing:2    ; additive background scattering]]
[2020.07.24-12.32.43:082][  0]LogConfig: Setting CVar [[r.DOF.Scatter.EnableBokehSettings:1      ; bokeh simulation when scattering]]
[2020.07.24-12.32.43:082][  0]LogConfig: Setting CVar [[r.DOF.Scatter.MaxSpriteRatio:0.1         ; only a maximum of 10% of scattered bokeh]]
[2020.07.24-12.32.43:082][  0]LogConfig: Setting CVar [[r.DOF.Recombine.Quality:1                ; cheap slight out of focus]]
[2020.07.24-12.32.43:082][  0]LogConfig: Setting CVar [[r.DOF.Recombine.EnableBokehSettings:0    ; no bokeh simulation on slight out of focus]]
[2020.07.24-12.32.43:082][  0]LogConfig: Setting CVar [[r.DOF.TemporalAAQuality:1                ; more stable temporal accumulation]]
[2020.07.24-12.32.43:082][  0]LogConfig: Setting CVar [[r.DOF.Kernel.MaxForegroundRadius:0.025]]
[2020.07.24-12.32.43:082][  0]LogConfig: Setting CVar [[r.DOF.Kernel.MaxBackgroundRadius:0.025]]
[2020.07.24-12.32.43:082][  0]LogConfig: Applying CVar settings from Section [TextureQuality@3] File [C:/Users/felipe/Desktop/Felipe Documentos/Felipe Art/WIP/Personal Work/Environment/Cage Breaking/3D/Unreal/CageBreak/Cavernosa/Saved/Config/Windows/Scalability.ini]
[2020.07.24-12.32.43:082][  0]LogConfig: Setting CVar [[r.Streaming.MipBias:0]]
[2020.07.24-12.32.43:082][  0]LogConfig: Setting CVar [[r.Streaming.AmortizeCPUToGPUCopy:0]]
[2020.07.24-12.32.43:082][  0]LogConfig: Setting CVar [[r.Streaming.MaxNumTexturesToStreamPerFrame:0]]
[2020.07.24-12.32.43:082][  0]LogConfig: Setting CVar [[r.Streaming.Boost:1]]
[2020.07.24-12.32.43:082][  0]LogConfig: Setting CVar [[r.MaxAnisotropy:8]]
[2020.07.24-12.32.43:082][  0]LogConfig: Setting CVar [[r.VT.MaxAnisotropy:8]]
[2020.07.24-12.32.43:082][  0]LogConfig: Setting CVar [[r.Streaming.LimitPoolSizeToVRAM:0]]
[2020.07.24-12.32.43:082][  0]LogConfig: Setting CVar [[r.Streaming.PoolSize:1000]]
[2020.07.24-12.32.43:082][  0]LogConfig: Setting CVar [[r.Streaming.MaxEffectiveScreenSize:0]]
[2020.07.24-12.32.43:082][  0]LogConfig: Applying CVar settings from Section [EffectsQuality@3] File [C:/Users/felipe/Desktop/Felipe Documentos/Felipe Art/WIP/Personal Work/Environment/Cage Breaking/3D/Unreal/CageBreak/Cavernosa/Saved/Config/Windows/Scalability.ini]
[2020.07.24-12.32.43:082][  0]LogConfig: Setting CVar [[r.TranslucencyLightingVolumeDim:64]]
[2020.07.24-12.32.43:082][  0]LogConfig: Setting CVar [[r.RefractionQuality:2]]
[2020.07.24-12.32.43:082][  0]LogConfig: Setting CVar [[r.SSR.Quality:3]]
[2020.07.24-12.32.43:082][  0]LogConfig: Setting CVar [[r.SSR.HalfResSceneColor:0]]
[2020.07.24-12.32.43:082][  0]LogConfig: Setting CVar [[r.SceneColorFormat:4]]
[2020.07.24-12.32.43:082][  0]LogConfig: Setting CVar [[r.DetailMode:2]]
[2020.07.24-12.32.43:082][  0]LogConfig: Setting CVar [[r.TranslucencyVolumeBlur:1]]
[2020.07.24-12.32.43:082][  0]LogConfig: Setting CVar [[r.MaterialQualityLevel:1 ; High quality]]
[2020.07.24-12.32.43:082][  0]LogConfig: Setting CVar [[r.SSS.Scale:1]]
[2020.07.24-12.32.43:082][  0]LogConfig: Setting CVar [[r.SSS.SampleSet:2]]
[2020.07.24-12.32.43:082][  0]LogConfig: Setting CVar [[r.SSS.Quality:1]]
[2020.07.24-12.32.43:082][  0]LogConfig: Setting CVar [[r.SSS.HalfRes:0]]
[2020.07.24-12.32.43:082][  0]LogConfig: Setting CVar [[r.SSGI.Quality:3]]
[2020.07.24-12.32.43:082][  0]LogConfig: Setting CVar [[r.EmitterSpawnRateScale:1.0]]
[2020.07.24-12.32.43:082][  0]LogConfig: Setting CVar [[r.ParticleLightQuality:2]]
[2020.07.24-12.32.43:082][  0]LogConfig: Setting CVar [[r.SkyAtmosphere.AerialPerspectiveLUT.FastApplyOnOpaque:1 ; Always have FastSkyLUT 1 in this case to avoid wrong sky]]
[2020.07.24-12.32.43:082][  0]LogConfig: Setting CVar [[r.SkyAtmosphere.AerialPerspectiveLUT.SampleCountPerSlice:1]]
[2020.07.24-12.32.43:082][  0]LogConfig: Setting CVar [[r.SkyAtmosphere.AerialPerspectiveLUT.DepthResolution:16.0]]
[2020.07.24-12.32.43:082][  0]LogConfig: Setting CVar [[r.SkyAtmosphere.FastSkyLUT:1]]
[2020.07.24-12.32.43:082][  0]LogConfig: Setting CVar [[r.SkyAtmosphere.FastSkyLUT.SampleCountMin:4.0]]
[2020.07.24-12.32.43:082][  0]LogConfig: Setting CVar [[r.SkyAtmosphere.FastSkyLUT.SampleCountMax:32.0]]
[2020.07.24-12.32.43:082][  0]LogConfig: Setting CVar [[r.SkyAtmosphere.SampleCountMin:4.0]]
[2020.07.24-12.32.43:083][  0]LogConfig: Setting CVar [[r.SkyAtmosphere.SampleCountMax:32.0]]
[2020.07.24-12.32.43:083][  0]LogConfig: Setting CVar [[r.SkyAtmosphere.TransmittanceLUT.UseSmallFormat:0]]
[2020.07.24-12.32.43:083][  0]LogConfig: Setting CVar [[r.SkyAtmosphere.TransmittanceLUT.SampleCount:10.0]]
[2020.07.24-12.32.43:083][  0]LogConfig: Setting CVar [[r.SkyAtmosphere.MultiScatteringLUT.SampleCount:15.0]]
[2020.07.24-12.32.43:083][  0]LogConfig: Applying CVar settings from Section [FoliageQuality@3] File [C:/Users/felipe/Desktop/Felipe Documentos/Felipe Art/WIP/Personal Work/Environment/Cage Breaking/3D/Unreal/CageBreak/Cavernosa/Saved/Config/Windows/Scalability.ini]
[2020.07.24-12.32.43:083][  0]LogConfig: Setting CVar [[foliage.DensityScale:1.0]]
[2020.07.24-12.32.43:083][  0]LogConfig: Setting CVar [[grass.DensityScale:1.0]]
[2020.07.24-12.32.43:083][  0]LogConfig: Applying CVar settings from Section [ShadingQuality@3] File [C:/Users/felipe/Desktop/Felipe Documentos/Felipe Art/WIP/Personal Work/Environment/Cage Breaking/3D/Unreal/CageBreak/Cavernosa/Saved/Config/Windows/Scalability.ini]
[2020.07.24-12.32.43:083][  0]LogConfig: Setting CVar [[r.HairStrands.SkyLighting.SampleCount:16]]
[2020.07.24-12.32.43:083][  0]LogConfig: Setting CVar [[r.HairStrands.SkyLighting.JitterIntegration:0]]
[2020.07.24-12.32.43:083][  0]LogConfig: Setting CVar [[r.HairStrands.SkyAO.SampleCount:16]]
[2020.07.24-12.32.43:083][  0]LogConfig: Setting CVar [[r.HairStrands.DeepShadow.SuperSampling:0]]
[2020.07.24-12.32.43:083][  0]LogConfig: Setting CVar [[r.HairStrands.VisibilityPPLL:0]]
[2020.07.24-12.32.43:083][  0]LogConfig: Setting CVar [[r.HairStrands.RasterizationScale:0.5]]
[2020.07.24-12.32.43:083][  0]LogConfig: Setting CVar [[r.HairStrands.VelocityRasterizationScale:1]]
[2020.07.24-12.32.43:083][  0]LogInit: Selected Device Profile: [Windows]
[2020.07.24-12.32.43:083][  0]LogInit: Applying CVar settings loaded from the selected device profile: [Windows]
[2020.07.24-12.32.43:083][  0]LogHAL: Display: Platform has ~ 16 GB [17121054720 / 17179869184 / 16], which maps to Larger [LargestMinGB=32, LargerMinGB=12, DefaultMinGB=8, SmallerMinGB=6, SmallestMinGB=0)
[2020.07.24-12.32.43:083][  0]LogInit: Going up to parent DeviceProfile []
[2020.07.24-12.32.43:083][  0]LogConfig: Applying CVar settings from Section [ViewDistanceQuality@3] File [C:/Users/felipe/Desktop/Felipe Documentos/Felipe Art/WIP/Personal Work/Environment/Cage Breaking/3D/Unreal/CageBreak/Cavernosa/Saved/Config/Windows/Scalability.ini]
[2020.07.24-12.32.43:083][  0]LogConfig: Setting CVar [[r.SkeletalMeshLODBias:0]]
[2020.07.24-12.32.43:083][  0]LogConfig: Setting CVar [[r.ViewDistanceScale:1.0]]
[2020.07.24-12.32.43:083][  0]LogConfig: Applying CVar settings from Section [AntiAliasingQuality@3] File [C:/Users/felipe/Desktop/Felipe Documentos/Felipe Art/WIP/Personal Work/Environment/Cage Breaking/3D/Unreal/CageBreak/Cavernosa/Saved/Config/Windows/Scalability.ini]
[2020.07.24-12.32.43:083][  0]LogConfig: Setting CVar [[r.PostProcessAAQuality:4]]
[2020.07.24-12.32.43:083][  0]LogConfig: Applying CVar settings from Section [ShadowQuality@3] File [C:/Users/felipe/Desktop/Felipe Documentos/Felipe Art/WIP/Personal Work/Environment/Cage Breaking/3D/Unreal/CageBreak/Cavernosa/Saved/Config/Windows/Scalability.ini]
[2020.07.24-12.32.43:083][  0]LogConfig: Setting CVar [[r.LightFunctionQuality:1]]
[2020.07.24-12.32.43:083][  0]LogConfig: Setting CVar [[r.ShadowQuality:5]]
[2020.07.24-12.32.43:083][  0]LogConfig: Setting CVar [[r.Shadow.CSM.MaxCascades:10]]
[2020.07.24-12.32.43:083][  0]LogConfig: Setting CVar [[r.Shadow.MaxResolution:2048]]
[2020.07.24-12.32.43:083][  0]LogConfig: Setting CVar [[r.Shadow.MaxCSMResolution:2048]]
[2020.07.24-12.32.43:083][  0]LogConfig: Setting CVar [[r.Shadow.RadiusThreshold:0.01]]
[2020.07.24-12.32.43:083][  0]LogConfig: Setting CVar [[r.Shadow.DistanceScale:1.0]]
[2020.07.24-12.32.43:083][  0]LogConfig: Setting CVar [[r.Shadow.CSM.TransitionScale:1.0]]
[2020.07.24-12.32.43:083][  0]LogConfig: Setting CVar [[r.Shadow.PreShadowResolutionFactor:1.0]]
[2020.07.24-12.32.43:083][  0]LogConfig: Setting CVar [[r.DistanceFieldShadowing:1]]
[2020.07.24-12.32.43:083][  0]LogConfig: Setting CVar [[r.DistanceFieldAO:1]]
[2020.07.24-12.32.43:083][  0]LogConfig: Setting CVar [[r.AOQuality:2]]
[2020.07.24-12.32.43:083][  0]LogConfig: Setting CVar [[r.VolumetricFog:1]]
[2020.07.24-12.32.43:083][  0]LogConfig: Setting CVar [[r.VolumetricFog.GridPixelSize:8]]
[2020.07.24-12.32.43:083][  0]LogConfig: Setting CVar [[r.VolumetricFog.GridSizeZ:128]]
[2020.07.24-12.32.43:083][  0]LogConfig: Setting CVar [[r.VolumetricFog.HistoryMissSupersampleCount:4]]
[2020.07.24-12.32.43:083][  0]LogConfig: Setting CVar [[r.LightMaxDrawDistanceScale:1]]
[2020.07.24-12.32.43:083][  0]LogConfig: Setting CVar [[r.CapsuleShadows:1]]
[2020.07.24-12.32.43:083][  0]LogConfig: Applying CVar settings from Section [PostProcessQuality@3] File [C:/Users/felipe/Desktop/Felipe Documentos/Felipe Art/WIP/Personal Work/Environment/Cage Breaking/3D/Unreal/CageBreak/Cavernosa/Saved/Config/Windows/Scalability.ini]
[2020.07.24-12.32.43:083][  0]LogConfig: Setting CVar [[r.MotionBlurQuality:4]]
[2020.07.24-12.32.43:083][  0]LogConfig: Setting CVar [[r.AmbientOcclusionMipLevelFactor:0.4]]
[2020.07.24-12.32.43:083][  0]LogConfig: Setting CVar [[r.AmbientOcclusionMaxQuality:100]]
[2020.07.24-12.32.43:083][  0]LogConfig: Setting CVar [[r.AmbientOcclusionLevels:-1]]
[2020.07.24-12.32.43:083][  0]LogConfig: Setting CVar [[r.AmbientOcclusionRadiusScale:1.0]]
[2020.07.24-12.32.43:083][  0]LogConfig: Setting CVar [[r.DepthOfFieldQuality:2]]
[2020.07.24-12.32.43:083][  0]LogConfig: Setting CVar [[r.RenderTargetPoolMin:400]]
[2020.07.24-12.32.43:083][  0]LogConfig: Setting CVar [[r.LensFlareQuality:2]]
[2020.07.24-12.32.43:083][  0]LogConfig: Setting CVar [[r.SceneColorFringeQuality:1]]
[2020.07.24-12.32.43:083][  0]LogConfig: Setting CVar [[r.EyeAdaptationQuality:2]]
[2020.07.24-12.32.43:083][  0]LogConfig: Setting CVar [[r.BloomQuality:5]]
[2020.07.24-12.32.43:083][  0]LogConfig: Setting CVar [[r.FastBlurThreshold:100]]
[2020.07.24-12.32.43:083][  0]LogConfig: Setting CVar [[r.Upscale.Quality:3]]
[2020.07.24-12.32.43:083][  0]LogConfig: Setting CVar [[r.Tonemapper.GrainQuantization:1]]
[2020.07.24-12.32.43:083][  0]LogConfig: Setting CVar [[r.LightShaftQuality:1]]
[2020.07.24-12.32.43:083][  0]LogConfig: Setting CVar [[r.Filter.SizeScale:1]]
[2020.07.24-12.32.43:083][  0]LogConfig: Setting CVar [[r.Tonemapper.Quality:5]]
[2020.07.24-12.32.43:083][  0]LogConfig: Setting CVar [[r.DOF.Gather.AccumulatorQuality:1        ; higher gathering accumulator quality]]
[2020.07.24-12.32.43:083][  0]LogConfig: Setting CVar [[r.DOF.Gather.PostfilterMethod:1          ; Median3x3 postfilering method]]
[2020.07.24-12.32.43:083][  0]LogConfig: Setting CVar [[r.DOF.Gather.EnableBokehSettings:0       ; no bokeh simulation when gathering]]
[2020.07.24-12.32.43:083][  0]LogConfig: Setting CVar [[r.DOF.Gather.RingCount:4                 ; medium number of samples when gathering]]
[2020.07.24-12.32.43:083][  0]LogConfig: Setting CVar [[r.DOF.Scatter.ForegroundCompositing:1    ; additive foreground scattering]]
[2020.07.24-12.32.43:083][  0]LogConfig: Setting CVar [[r.DOF.Scatter.BackgroundCompositing:2    ; additive background scattering]]
[2020.07.24-12.32.43:083][  0]LogConfig: Setting CVar [[r.DOF.Scatter.EnableBokehSettings:1      ; bokeh simulation when scattering]]
[2020.07.24-12.32.43:083][  0]LogConfig: Setting CVar [[r.DOF.Scatter.MaxSpriteRatio:0.1         ; only a maximum of 10% of scattered bokeh]]
[2020.07.24-12.32.43:083][  0]LogConfig: Setting CVar [[r.DOF.Recombine.Quality:1                ; cheap slight out of focus]]
[2020.07.24-12.32.43:083][  0]LogConfig: Setting CVar [[r.DOF.Recombine.EnableBokehSettings:0    ; no bokeh simulation on slight out of focus]]
[2020.07.24-12.32.43:084][  0]LogConfig: Setting CVar [[r.DOF.TemporalAAQuality:1                ; more stable temporal accumulation]]
[2020.07.24-12.32.43:084][  0]LogConfig: Setting CVar [[r.DOF.Kernel.MaxForegroundRadius:0.025]]
[2020.07.24-12.32.43:084][  0]LogConfig: Setting CVar [[r.DOF.Kernel.MaxBackgroundRadius:0.025]]
[2020.07.24-12.32.43:084][  0]LogConfig: Applying CVar settings from Section [TextureQuality@3] File [C:/Users/felipe/Desktop/Felipe Documentos/Felipe Art/WIP/Personal Work/Environment/Cage Breaking/3D/Unreal/CageBreak/Cavernosa/Saved/Config/Windows/Scalability.ini]
[2020.07.24-12.32.43:084][  0]LogConfig: Setting CVar [[r.Streaming.MipBias:0]]
[2020.07.24-12.32.43:084][  0]LogConfig: Setting CVar [[r.Streaming.AmortizeCPUToGPUCopy:0]]
[2020.07.24-12.32.43:084][  0]LogConfig: Setting CVar [[r.Streaming.MaxNumTexturesToStreamPerFrame:0]]
[2020.07.24-12.32.43:084][  0]LogConfig: Setting CVar [[r.Streaming.Boost:1]]
[2020.07.24-12.32.43:084][  0]LogConfig: Setting CVar [[r.MaxAnisotropy:8]]
[2020.07.24-12.32.43:084][  0]LogConfig: Setting CVar [[r.VT.MaxAnisotropy:8]]
[2020.07.24-12.32.43:084][  0]LogConfig: Setting CVar [[r.Streaming.LimitPoolSizeToVRAM:0]]
[2020.07.24-12.32.43:084][  0]LogConfig: Setting CVar [[r.Streaming.PoolSize:1000]]
[2020.07.24-12.32.43:084][  0]LogConfig: Setting CVar [[r.Streaming.MaxEffectiveScreenSize:0]]
[2020.07.24-12.32.43:084][  0]LogConfig: Applying CVar settings from Section [EffectsQuality@3] File [C:/Users/felipe/Desktop/Felipe Documentos/Felipe Art/WIP/Personal Work/Environment/Cage Breaking/3D/Unreal/CageBreak/Cavernosa/Saved/Config/Windows/Scalability.ini]
[2020.07.24-12.32.43:084][  0]LogConfig: Setting CVar [[r.TranslucencyLightingVolumeDim:64]]
[2020.07.24-12.32.43:084][  0]LogConfig: Setting CVar [[r.RefractionQuality:2]]
[2020.07.24-12.32.43:084][  0]LogConfig: Setting CVar [[r.SSR.Quality:3]]
[2020.07.24-12.32.43:084][  0]LogConfig: Setting CVar [[r.SSR.HalfResSceneColor:0]]
[2020.07.24-12.32.43:084][  0]LogConfig: Setting CVar [[r.SceneColorFormat:4]]
[2020.07.24-12.32.43:084][  0]LogConfig: Setting CVar [[r.DetailMode:2]]
[2020.07.24-12.32.43:084][  0]LogConfig: Setting CVar [[r.TranslucencyVolumeBlur:1]]
[2020.07.24-12.32.43:084][  0]LogConfig: Setting CVar [[r.MaterialQualityLevel:1 ; High quality]]
[2020.07.24-12.32.43:084][  0]LogConfig: Setting CVar [[r.SSS.Scale:1]]
[2020.07.24-12.32.43:084][  0]LogConfig: Setting CVar [[r.SSS.SampleSet:2]]
[2020.07.24-12.32.43:084][  0]LogConfig: Setting CVar [[r.SSS.Quality:1]]
[2020.07.24-12.32.43:084][  0]LogConfig: Setting CVar [[r.SSS.HalfRes:0]]
[2020.07.24-12.32.43:084][  0]LogConfig: Setting CVar [[r.SSGI.Quality:3]]
[2020.07.24-12.32.43:084][  0]LogConfig: Setting CVar [[r.EmitterSpawnRateScale:1.0]]
[2020.07.24-12.32.43:084][  0]LogConfig: Setting CVar [[r.ParticleLightQuality:2]]
[2020.07.24-12.32.43:084][  0]LogConfig: Setting CVar [[r.SkyAtmosphere.AerialPerspectiveLUT.FastApplyOnOpaque:1 ; Always have FastSkyLUT 1 in this case to avoid wrong sky]]
[2020.07.24-12.32.43:084][  0]LogConfig: Setting CVar [[r.SkyAtmosphere.AerialPerspectiveLUT.SampleCountPerSlice:1]]
[2020.07.24-12.32.43:084][  0]LogConfig: Setting CVar [[r.SkyAtmosphere.AerialPerspectiveLUT.DepthResolution:16.0]]
[2020.07.24-12.32.43:084][  0]LogConfig: Setting CVar [[r.SkyAtmosphere.FastSkyLUT:1]]
[2020.07.24-12.32.43:084][  0]LogConfig: Setting CVar [[r.SkyAtmosphere.FastSkyLUT.SampleCountMin:4.0]]
[2020.07.24-12.32.43:084][  0]LogConfig: Setting CVar [[r.SkyAtmosphere.FastSkyLUT.SampleCountMax:32.0]]
[2020.07.24-12.32.43:084][  0]LogConfig: Setting CVar [[r.SkyAtmosphere.SampleCountMin:4.0]]
[2020.07.24-12.32.43:084][  0]LogConfig: Setting CVar [[r.SkyAtmosphere.SampleCountMax:32.0]]
[2020.07.24-12.32.43:084][  0]LogConfig: Setting CVar [[r.SkyAtmosphere.TransmittanceLUT.UseSmallFormat:0]]
[2020.07.24-12.32.43:084][  0]LogConfig: Setting CVar [[r.SkyAtmosphere.TransmittanceLUT.SampleCount:10.0]]
[2020.07.24-12.32.43:084][  0]LogConfig: Setting CVar [[r.SkyAtmosphere.MultiScatteringLUT.SampleCount:15.0]]
[2020.07.24-12.32.43:084][  0]LogConfig: Applying CVar settings from Section [FoliageQuality@3] File [C:/Users/felipe/Desktop/Felipe Documentos/Felipe Art/WIP/Personal Work/Environment/Cage Breaking/3D/Unreal/CageBreak/Cavernosa/Saved/Config/Windows/Scalability.ini]
[2020.07.24-12.32.43:084][  0]LogConfig: Setting CVar [[foliage.DensityScale:1.0]]
[2020.07.24-12.32.43:084][  0]LogConfig: Setting CVar [[grass.DensityScale:1.0]]
[2020.07.24-12.32.43:084][  0]LogConfig: Applying CVar settings from Section [ShadingQuality@3] File [C:/Users/felipe/Desktop/Felipe Documentos/Felipe Art/WIP/Personal Work/Environment/Cage Breaking/3D/Unreal/CageBreak/Cavernosa/Saved/Config/Windows/Scalability.ini]
[2020.07.24-12.32.43:084][  0]LogConfig: Setting CVar [[r.HairStrands.SkyLighting.SampleCount:16]]
[2020.07.24-12.32.43:084][  0]LogConfig: Setting CVar [[r.HairStrands.SkyLighting.JitterIntegration:0]]
[2020.07.24-12.32.43:084][  0]LogConfig: Setting CVar [[r.HairStrands.SkyAO.SampleCount:16]]
[2020.07.24-12.32.43:084][  0]LogConfig: Setting CVar [[r.HairStrands.DeepShadow.SuperSampling:0]]
[2020.07.24-12.32.43:084][  0]LogConfig: Setting CVar [[r.HairStrands.VisibilityPPLL:0]]
[2020.07.24-12.32.43:084][  0]LogConfig: Setting CVar [[r.HairStrands.RasterizationScale:0.5]]
[2020.07.24-12.32.43:084][  0]LogConfig: Setting CVar [[r.HairStrands.VelocityRasterizationScale:1]]
[2020.07.24-12.32.43:084][  0]LogConfig: Applying CVar settings from Section [Startup] File [../../../Engine/Config/ConsoleVariables.ini]
[2020.07.24-12.32.43:085][  0]LogConfig: Setting CVar [[net.UseAdaptiveNetUpdateFrequency:0]]
[2020.07.24-12.32.43:085][  0]LogConfig: Setting CVar [[p.chaos.AllowCreatePhysxBodies:1]]
[2020.07.24-12.32.43:085][  0]LogConfig: Setting CVar [[fx.SkipVectorVMBackendOptimizations:1]]
[2020.07.24-12.32.43:085][  0]LogConfig: Applying CVar settings from Section [ConsoleVariables] File [C:/Users/felipe/Desktop/Felipe Documentos/Felipe Art/WIP/Personal Work/Environment/Cage Breaking/3D/Unreal/CageBreak/Cavernosa/Saved/Config/Windows/Engine.ini]
[2020.07.24-12.32.43:085][  0]LogInit: Computer: DESKTOP-8MSJIJI
[2020.07.24-12.32.43:085][  0]LogInit: User: felipe
[2020.07.24-12.32.43:085][  0]LogInit: CPU Page size=4096, Cores=4
[2020.07.24-12.32.43:085][  0]LogInit: High frequency timer resolution =10.000000 MHz
[2020.07.24-12.32.43:085][  0]LogMemory: Memory total: Physical=15.9GB (16GB approx)
[2020.07.24-12.32.43:085][  0]LogMemory: Platform Memory Stats for Windows
[2020.07.24-12.32.43:085][  0]LogMemory: Process Physical Memory: 114.05 MB used, 114.05 MB peak
[2020.07.24-12.32.43:085][  0]LogMemory: Process Virtual Memory: 96.15 MB used, 96.15 MB peak
[2020.07.24-12.32.43:085][  0]LogMemory: Physical Memory: 6214.15 MB used,  10113.76 MB free, 16327.91 MB total
[2020.07.24-12.32.43:085][  0]LogMemory: Virtual Memory: 5143.10 MB used,  134212584.00 MB free, 134217728.00 MB total
[2020.07.24-12.32.43:091][  0]LogWindows: WindowsPlatformFeatures enabled
[2020.07.24-12.32.43:120][  0]LogInit: Physics initialised using underlying interface: PhysX
[2020.07.24-12.32.43:121][  0]LogInit: Overriding language with editor culture configuration option (en).
[2020.07.24-12.32.43:121][  0]LogInit: Overriding locale with editor culture configuration option (en).
[2020.07.24-12.32.43:321][  0]LogInit: Setting process to per monitor DPI aware
[2020.07.24-12.32.43:361][  0]LogSlate: New Slate User Created.  User Index 0, Is Virtual User: 0
[2020.07.24-12.32.43:361][  0]LogSlate: Slate User Registered.  User Index 0, Is Virtual User: 0
[2020.07.24-12.32.43:516][  0]LogHMD: Failed to initialize OpenVR with code 110
[2020.07.24-12.32.43:516][  0]LogD3D11RHI: D3D11 min allowed feature level: 11_0
[2020.07.24-12.32.43:516][  0]LogD3D11RHI: D3D11 max allowed feature level: 11_0
[2020.07.24-12.32.43:516][  0]LogD3D11RHI: D3D11 adapters:
[2020.07.24-12.32.43:600][  0]LogD3D11RHI:    0. 'AMD Radeon R7 200 Series' (Feature Level 11_0)
[2020.07.24-12.32.43:600][  0]LogD3D11RHI:       2024/0/8163 MB DedicatedVideo/DedicatedSystem/SharedSystem, Outputs:2, VendorId:0x1002
[2020.07.24-12.32.43:603][  0]LogD3D11RHI:    1. 'Microsoft Basic Render Driver' (Feature Level 11_0)
[2020.07.24-12.32.43:603][  0]LogD3D11RHI:       0/0/8163 MB DedicatedVideo/DedicatedSystem/SharedSystem, Outputs:0, VendorId:0x1414
[2020.07.24-12.32.43:603][  0]LogD3D11RHI: Chosen D3D11 Adapter: 0
[2020.07.24-12.32.43:607][  0]LogD3D11RHI: Creating new Direct3DDevice
[2020.07.24-12.32.43:607][  0]LogD3D11RHI:     GPU DeviceId: 0x6658 (for the marketing name, search the web for "GPU Device Id")
[2020.07.24-12.32.43:607][  0]LogWindows: EnumDisplayDevices:
[2020.07.24-12.32.43:607][  0]LogWindows:    0. 'AMD Radeon R7 200 Series' (P:0 D:1)
[2020.07.24-12.32.43:608][  0]LogWindows:    1. 'AMD Radeon R7 200 Series' (P:1 D:1)
[2020.07.24-12.32.43:608][  0]LogWindows:    2. 'AMD Radeon R7 200 Series' (P:0 D:0)
[2020.07.24-12.32.43:608][  0]LogWindows:    3. 'AMD Radeon R7 200 Series' (P:0 D:0)
[2020.07.24-12.32.43:609][  0]LogWindows:    4. 'AMD Radeon R7 200 Series' (P:0 D:0)
[2020.07.24-12.32.43:609][  0]LogWindows:    5. 'AMD Radeon R7 200 Series' (P:0 D:0)
[2020.07.24-12.32.43:609][  0]LogWindows:    6. 'AMD Radeon R7 200 Series' (P:0 D:0)
[2020.07.24-12.32.43:609][  0]LogWindows:    7. 'AMD Radeon R7 200 Series' (P:0 D:0)
[2020.07.24-12.32.43:610][  0]LogWindows: DebugString: FoundDriverCount:8 
[2020.07.24-12.32.43:610][  0]LogD3D11RHI:     Adapter Name: AMD Radeon R7 200 Series
[2020.07.24-12.32.43:610][  0]LogD3D11RHI:   Driver Version: Adrenalin 2020 20.4.2 (internal:26.20.15029.27017, unified:26.20.15029.27017)
[2020.07.24-12.32.43:610][  0]LogD3D11RHI:      Driver Date: 5-15-2020
[2020.07.24-12.32.43:610][  0]LogRHI: Texture pool is 1204 MB (70% of 1720 MB)
[2020.07.24-12.32.43:653][  0]LogD3D11RHI: RHI has support for 64 bit atomics
[2020.07.24-12.32.43:653][  0]LogD3D11RHI: Async texture creation enabled
[2020.07.24-12.32.43:653][  0]LogD3D11RHI: Array index from any shader is supported
[2020.07.24-12.32.43:664][  0]LogD3D11RHI: GPU Timing Frequency: 27.000000 (Debug: 2 1)
[2020.07.24-12.32.43:950][  0]LogTargetPlatformManager: Display: Loaded TargetPlatform 'AllDesktop'
[2020.07.24-12.32.43:973][  0]LogTargetPlatformManager: Display: Loaded TargetPlatform 'Android'
[2020.07.24-12.32.43:973][  0]LogTargetPlatformManager: Display: Loaded TargetPlatform 'Android_ASTC'
[2020.07.24-12.32.43:973][  0]LogTargetPlatformManager: Display: Loaded TargetPlatform 'Android_DXT'
[2020.07.24-12.32.43:973][  0]LogTargetPlatformManager: Display: Loaded TargetPlatform 'Android_ETC2'
[2020.07.24-12.32.43:973][  0]LogTargetPlatformManager: Display: Loaded TargetPlatform 'AndroidClient'
[2020.07.24-12.32.43:973][  0]LogTargetPlatformManager: Display: Loaded TargetPlatform 'Android_ASTCClient'
[2020.07.24-12.32.43:973][  0]LogTargetPlatformManager: Display: Loaded TargetPlatform 'Android_DXTClient'
[2020.07.24-12.32.43:973][  0]LogTargetPlatformManager: Display: Loaded TargetPlatform 'Android_ETC2Client'
[2020.07.24-12.32.43:973][  0]LogTargetPlatformManager: Display: Loaded TargetPlatform 'Android_Multi'
[2020.07.24-12.32.43:973][  0]LogTargetPlatformManager: Display: Loaded TargetPlatform 'Android_MultiClient'
[2020.07.24-12.32.43:996][  0]LogTargetPlatformManager: Display: Loaded TargetPlatform 'IOSClient'
[2020.07.24-12.32.43:996][  0]LogTargetPlatformManager: Display: Loaded TargetPlatform 'IOS'
[2020.07.24-12.32.44:008][  0]LogTargetPlatformManager: Display: Loaded TargetPlatform 'Linux'
[2020.07.24-12.32.44:017][  0]LogTargetPlatformManager: Display: Loaded TargetPlatform 'LinuxNoEditor'
[2020.07.24-12.32.44:027][  0]LogTargetPlatformManager: Display: Loaded TargetPlatform 'LinuxClient'
[2020.07.24-12.32.44:037][  0]LogTargetPlatformManager: Display: Loaded TargetPlatform 'LinuxServer'
[2020.07.24-12.32.44:047][  0]LogTargetPlatformManager: Display: Loaded TargetPlatform 'LinuxAArch64NoEditor'
[2020.07.24-12.32.44:058][  0]LogTargetPlatformManager: Display: Loaded TargetPlatform 'LinuxAArch64Client'
[2020.07.24-12.32.44:067][  0]LogTargetPlatformManager: Display: Loaded TargetPlatform 'LinuxAArch64Server'
[2020.07.24-12.32.44:095][  0]LogTargetPlatformManager: Display: Loaded TargetPlatform 'Lumin'
[2020.07.24-12.32.44:095][  0]LogTargetPlatformManager: Display: Loaded TargetPlatform 'LuminClient'
[2020.07.24-12.32.44:111][  0]LogTargetPlatformManager: Display: Loaded TargetPlatform 'TVOSClient'
[2020.07.24-12.32.44:111][  0]LogTargetPlatformManager: Display: Loaded TargetPlatform 'TVOS'
[2020.07.24-12.32.44:122][  0]LogTargetPlatformManager: Display: Loaded TargetPlatform 'WindowsNoEditor'
[2020.07.24-12.32.44:132][  0]LogTargetPlatformManager: Display: Loaded TargetPlatform 'Windows'
[2020.07.24-12.32.44:144][  0]LogTargetPlatformManager: Display: Loaded TargetPlatform 'WindowsClient'
[2020.07.24-12.32.44:159][  0]LogTargetPlatformManager: Display: Loaded TargetPlatform 'WindowsServer'
[2020.07.24-12.32.44:159][  0]LogTargetPlatformManager: Display: Building Assets For Windows
[2020.07.24-12.32.44:173][  0]LogAudioDebug: Display: Lib vorbis DLL was dynamically loaded.
[2020.07.24-12.32.44:249][  0]LogShaderCompilers: Guid format shader working directory is -94 characters bigger than the processId version (../../../../../../Users/felipe/Desktop/Felipe Documentos/Felipe Art/WIP/Personal Work/Environment/Cage Breaking/3D/Unreal/CageBreak/Cavernosa/Intermediate/Shaders/WorkingDirectory/6880/).
[2020.07.24-12.32.44:249][  0]LogShaderCompilers: Cleaned the shader compiler working directory 'C:/Users/felipe/AppData/Local/Temp/UnrealShaderWorkingDir/54A02A574B3F0E13C691F09BD8DCE7DB/'.
[2020.07.24-12.32.44:249][  0]LogXGEController: Cleaning working directory: C:/Users/felipe/AppData/Local/Temp/UnrealXGEWorkingDir/
[2020.07.24-12.32.44:249][  0]LogXGEController: Cannot use XGE Controller as Incredibuild is not installed on this machine.
[2020.07.24-12.32.44:249][  0]LogShaderCompilers: Cannot use XGE Shader Compiler as Incredibuild is not installed on this machine.
[2020.07.24-12.32.44:249][  0]LogShaderCompilers: Display: Using Local Shader Compiler.
[2020.07.24-12.32.45:049][  0]LogDerivedDataCache: Display: Max Cache Size: 512 MB
[2020.07.24-12.32.45:119][  0]LogDerivedDataCache: Loaded boot cache 0.07s 75MB C:/Users/felipe/AppData/Local/UnrealEngine/4.25/DerivedDataCache/Boot.ddc.
[2020.07.24-12.32.45:119][  0]LogDerivedDataCache: Display: Loaded Boot cache: C:/Users/felipe/AppData/Local/UnrealEngine/4.25/DerivedDataCache/Boot.ddc
[2020.07.24-12.32.45:119][  0]LogDerivedDataCache: FDerivedDataBackendGraph:  Pak pak cache file ../../../../../../Users/felipe/Desktop/Felipe Documentos/Felipe Art/WIP/Personal Work/Environment/Cage Breaking/3D/Unreal/CageBreak/Cavernosa/DerivedDataCache/DDC.ddp not found, will not use a pak cache.
[2020.07.24-12.32.45:119][  0]LogDerivedDataCache: Unable to find inner node Pak for hierarchical cache Hierarchy.
[2020.07.24-12.32.45:119][  0]LogDerivedDataCache: FDerivedDataBackendGraph:  CompressedPak pak cache file ../../../../../../Users/felipe/Desktop/Felipe Documentos/Felipe Art/WIP/Personal Work/Environment/Cage Breaking/3D/Unreal/CageBreak/Cavernosa/DerivedDataCache/Compressed.ddp not found, will not use a pak cache.
[2020.07.24-12.32.45:119][  0]LogDerivedDataCache: Unable to find inner node CompressedPak for hierarchical cache Hierarchy.
[2020.07.24-12.32.45:130][  0]LogDerivedDataCache: Display: Pak cache opened for reading ../../../Engine/DerivedDataCache/Compressed.ddp.
[2020.07.24-12.32.45:131][  0]LogDerivedDataCache: FDerivedDataBackendGraph:  EnterprisePak pak cache file ../../../Enterprise/DerivedDataCache/Compressed.ddp not found, will not use a pak cache.
[2020.07.24-12.32.45:131][  0]LogDerivedDataCache: Unable to find inner node EnterprisePak for hierarchical cache Hierarchy.
[2020.07.24-12.32.45:132][  0]LogDerivedDataCache: Using Local data cache path C:/Users/felipe/AppData/Local/UnrealEngine/Common/DerivedDataCache: Writable
[2020.07.24-12.32.45:132][  0]LogDerivedDataCache: Shared data cache path not found in *engine.ini, will not use an Shared cache.
[2020.07.24-12.32.45:132][  0]LogDerivedDataCache: Unable to find inner node Shared for hierarchical cache Hierarchy.
[2020.07.24-12.32.45:190][  0]LogSlate: Using FreeType 2.10.0
[2020.07.24-12.32.45:190][  0]LogSlate: SlateFontServices - WITH_FREETYPE: 1, WITH_HARFBUZZ: 1
[2020.07.24-12.32.45:215][  0]LogAssetRegistry: FAssetRegistry took 0.0024 seconds to start up
[2020.07.24-12.32.45:456][  0]LogInit: Selected Device Profile: [Windows]
[2020.07.24-12.32.45:576][  0]LogMeshReduction: Using QuadricMeshReduction for automatic static mesh reduction
[2020.07.24-12.32.45:576][  0]LogMeshReduction: Using SimplygonMeshReduction for automatic skeletal mesh reduction
[2020.07.24-12.32.45:576][  0]LogMeshReduction: Using ProxyLODMeshReduction for automatic mesh merging
[2020.07.24-12.32.45:576][  0]LogMeshReduction: No distributed automatic mesh merging module available
[2020.07.24-12.32.45:576][  0]LogMeshMerging: No distributed automatic mesh merging module available
[2020.07.24-12.32.45:594][  0]LogNetVersion: CageBreak 1.0.0, NetCL: 13144385, EngineNetVer: 14, GameNetVer: 0 (Checksum: 4154689355)
[2020.07.24-12.32.46:022][  0]LogAISub: UAISubsystem::UAISubsystem AISubsystem (0000021A9FFF9BC0), frame # 0
[2020.07.24-12.32.46:022][  0]LogAISub: UAISubsystem::UAISubsystem AIPerceptionSystem (0000021A9FF51E40), frame # 0
[2020.07.24-12.32.46:023][  0]LogAISub: UAISubsystem::UAISubsystem EnvQueryManager (0000021A9FF99E00), frame # 0
[2020.07.24-12.32.46:092][  0]LogPackageLocalizationCache: Processed 19 localized package path(s) for 1 prioritized culture(s) in 0.063443 seconds
[2020.07.24-12.32.46:097][  0]LogUObjectArray: 15917 objects as part of root set at end of initial load.
[2020.07.24-12.32.46:097][  0]LogUObjectAllocator: 3965568 out of 0 bytes used by permanent object pool.
[2020.07.24-12.32.46:097][  0]LogUObjectArray: CloseDisregardForGC: 0/0 objects in disregard for GC pool
[2020.07.24-12.32.46:490][  0]LogTcpMessaging: Initializing TcpMessaging bridge
[2020.07.24-12.32.46:496][  0]LogUdpMessaging: Initializing bridge on interface 0.0.0.0:0 to multicast group 230.0.0.1:6666.
[2020.07.24-12.32.46:588][  0]SourceControl: Source control is disabled
[2020.07.24-12.32.46:588][  0]SourceControl: Source control is disabled
[2020.07.24-12.32.46:591][  0]SourceControl: Source control is disabled
[2020.07.24-12.32.46:593][  0]SourceControl: Source control is disabled
[2020.07.24-12.32.46:600][  0]SourceControl: Source control is disabled
[2020.07.24-12.32.46:861][  0]LogAndroidPermission: UAndroidPermissionCallbackProxy::GetInstance
[2020.07.24-12.32.46:886][  0]LogAudioCaptureCore: Display: No Audio Capture implementations found. Audio input will be silent.
[2020.07.24-12.32.46:886][  0]LogAudioCaptureCore: Display: No Audio Capture implementations found. Audio input will be silent.
[2020.07.24-12.32.46:942][  0]LogOcInput: OculusInput pre-init called
[2020.07.24-12.32.46:954][  0]LogWindows: Failed to load 'OVRPlugin.dll' (GetLastError=126)
[2020.07.24-12.32.46:954][  0]LogWindows: File 'OVRPlugin.dll' does not exist
[2020.07.24-12.32.47:020][  0]LogEngine: Initializing Engine...
[2020.07.24-12.32.47:022][  0]LogHMD: Failed to initialize OpenVR with code 110
[2020.07.24-12.32.47:022][  0]LogMagicLeap: Warning: VR disabled because ZI is not enabled.  To enable, in the editor, Edit -> Project Settings -> Plugins -> Magic Leap Plugin -> Enable Zero Iteration
[2020.07.24-12.32.47:023][  0]LogStats: UGameplayTagsManager::InitializeManager -  0.000 s
[2020.07.24-12.32.47:174][  0]LogInit: Initializing FReadOnlyCVARCache
[2020.07.24-12.32.47:185][  0]LogAIModule: Creating AISystem for world Untitled
[2020.07.24-12.32.47:185][  0]LogAISub: UAISubsystem::UAISubsystem EnvQueryManager (0000021AA20F3C00), frame # 0
[2020.07.24-12.32.47:186][  0]LogAISub: UAISubsystem::UAISubsystem AIPerceptionSystem (0000021AA20EFD80), frame # 0
[2020.07.24-12.32.47:203][  0]LogAudioMixer: Display: Audio Mixer Platform Settings:
[2020.07.24-12.32.47:203][  0]LogAudioMixer: Display: 	Sample Rate:						  48000
[2020.07.24-12.32.47:203][  0]LogAudioMixer: Display: 	Callback Buffer Frame Size Requested: 1024
[2020.07.24-12.32.47:203][  0]LogAudioMixer: Display: 	Callback Buffer Frame Size To Use:	  1024
[2020.07.24-12.32.47:203][  0]LogAudioMixer: Display: 	Number of buffers to queue:			  2
[2020.07.24-12.32.47:203][  0]LogAudioMixer: Display: 	Max Channels (voices):				  32
[2020.07.24-12.32.47:203][  0]LogAudioMixer: Display: 	Number of Async Source Workers:		  0
[2020.07.24-12.32.47:203][  0]LogAudio: Display: AudioDevice MaxSources: 32
[2020.07.24-12.32.47:204][  0]LogAudio: Display: Using built-in audio occlusion.
[2020.07.24-12.32.47:204][  0]LogAudioMixer: Display: Initializing audio mixer.
[2020.07.24-12.32.47:213][  0]LogAudioMixer: Display: 0: FrontLeft
[2020.07.24-12.32.47:213][  0]LogAudioMixer: Display: 1: FrontRight
[2020.07.24-12.32.47:261][  0]LogAudioMixer: Display: Using Audio Device Alto-falantes (Realtek High Definition Audio)
[2020.07.24-12.32.47:265][  0]LogAudioMixer: Display: Initializing Sound Submixes...
[2020.07.24-12.32.47:267][  0]LogAudioMixer: Display: Creating Master Submix 'MasterSubmixDefault'
[2020.07.24-12.32.47:267][  0]LogAudioMixer: Display: Creating Master Submix 'MasterReverbSubmixDefault'
[2020.07.24-12.32.47:269][  0]LogAudioMixer: Display: Creating Master Submix 'MasterEQSubmixDefault'
[2020.07.24-12.32.47:270][  0]LogInit: FAudioDevice initialized.
[2020.07.24-12.32.47:270][  0]LogNetVersion: Set ProjectVersion to 1.0.0.0. Version Checksum will be recalculated on next use.
[2020.07.24-12.32.47:539][  0]LogDerivedDataCache: Saved boot cache 0.27s 75MB C:/Users/felipe/AppData/Local/UnrealEngine/4.25/DerivedDataCache/Boot.ddc.
[2020.07.24-12.32.47:543][  0]LogInit: Texture streaming: Enabled
[2020.07.24-12.32.47:561][  0]LogEngineSessionManager: EngineSessionManager initialized
[2020.07.24-12.32.47:561][  0]LogEditorSessionSummary: Verbose: Initializing EditorSessionSummaryWriter for editor session tracking
[2020.07.24-12.32.47:562][  0]LogEditorSessionSummary: EditorSessionSummaryWriter initialized
[2020.07.24-12.32.47:625][  0]LogInit: Transaction tracking system initialized
[2020.07.24-12.32.47:648][  0]BlueprintLog: New page: Editor Load
[2020.07.24-12.32.47:729][  0]LocalizationService: Localization service is disabled
[2020.07.24-12.32.47:910][  0]LogCook: Display: Max memory allowance for cook 16384mb min free memory 0mb
[2020.07.24-12.32.47:911][  0]LogCook: Display: Mobile HDR setting 1
[2020.07.24-12.32.48:054][  0]LogFileCache: Scanning file cache for directory 'C:/Users/felipe/Desktop/Felipe Documentos/Felipe Art/WIP/Personal Work/Environment/Cage Breaking/3D/Unreal/CageBreak/Cavernosa/Content/' took 0.01s
[2020.07.24-12.32.48:294][  0]SourceControl: Source control is disabled
[2020.07.24-12.32.48:295][  0]LogUnrealEdMisc: Loading editor; pre map load, took 7.043
[2020.07.24-12.32.48:358][  0]LightingResults: New page: Lighting Build
[2020.07.24-12.32.48:359][  0]LogWorld: UWorld::CleanupWorld for Untitled, bSessionEnded=true, bCleanupResources=true
[2020.07.24-12.32.48:359][  0]LogSlate: InvalidateAllWidgets triggered.  All widgets were invalidated
[2020.07.24-12.32.48:359][  0]MapCheck: New page: Map Check
[2020.07.24-12.32.48:359][  0]LightingResults: New page: Lighting Build
[2020.07.24-12.32.48:368][  0]LogAISub: UAISubsystem::~UAISubsystem EnvQueryManager (0000021AA20F3C00), frame # 0
[2020.07.24-12.32.48:368][  0]LogAISub: UAISubsystem::~UAISubsystem AIPerceptionSystem (0000021AA20EFD80), frame # 0
[2020.07.24-12.32.48:369][  0]LogUObjectHash: Compacting FUObjectHashTables data took   0.71ms
[2020.07.24-12.32.51:141][  0]LogAIModule: Creating AISystem for world TopDownExampleMap
[2020.07.24-12.32.51:141][  0]LogAISub: UAISubsystem::UAISubsystem EnvQueryManager (0000021A98F4A600), frame # 0
[2020.07.24-12.32.51:141][  0]LogAISub: UAISubsystem::UAISubsystem AIPerceptionSystem (0000021A98F63B00), frame # 0
[2020.07.24-12.32.51:151][  0]LogEditorServer: Finished looking for orphan Actors (0.000 secs)
[2020.07.24-12.32.51:153][  0]LogNavigationDataBuild: Display:    Building NavData:  Name Default class /Script/NavigationSystem.RecastNavMesh agent radius 35.0.
[2020.07.24-12.32.51:236][  0]LogUObjectHash: Compacting FUObjectHashTables data took   0.87ms
[2020.07.24-12.32.51:236][  0]Cmd: MAP CHECKDEP NOCLEARLOG
[2020.07.24-12.32.51:236][  0]MapCheck: Map check complete: 0 Error(s), 0 Warning(s), took 0.154ms to complete.
[2020.07.24-12.32.51:236][  0]LogFileHelpers: Loading map 'TopDownExampleMap' took 2.941
[2020.07.24-12.32.51:237][  0]LogUnrealEdMisc: Total Editor Startup Time, took 9.986
[2020.07.24-12.32.51:485][  0]LogSlate: Updating window title bar state: overlay mode, drag disabled, window buttons hidden, title bar hidden
[2020.07.24-12.32.51:500][  0]LogSlate: Updating window title bar state: overlay mode, drag disabled, window buttons hidden, title bar hidden
[2020.07.24-12.32.51:517][  0]LogSlate: Updating window title bar state: overlay mode, drag disabled, window buttons hidden, title bar hidden
[2020.07.24-12.32.51:530][  0]LogSlate: Updating window title bar state: overlay mode, drag disabled, window buttons hidden, title bar hidden
[2020.07.24-12.32.51:547][  0]LogCollectionManager: Loaded 0 collections in 0.002962 seconds
[2020.07.24-12.32.51:673][  0]LogFileCache: Scanning file cache for directory 'C:/Users/felipe/Desktop/Felipe Documentos/Felipe Art/WIP/Personal Work/Environment/Cage Breaking/3D/Unreal/CageBreak/Cavernosa/Saved/Collections/' took 0.00s
[2020.07.24-12.32.51:673][  0]LogFileCache: Scanning file cache for directory 'C:/Users/felipe/Desktop/Felipe Documentos/Felipe Art/WIP/Personal Work/Environment/Cage Breaking/3D/Unreal/CageBreak/Cavernosa/Content/Developers/felipe/Collections/' took 0.00s
[2020.07.24-12.32.51:673][  0]LogFileCache: Scanning file cache for directory 'C:/Users/felipe/Desktop/Felipe Documentos/Felipe Art/WIP/Personal Work/Environment/Cage Breaking/3D/Unreal/CageBreak/Cavernosa/Content/Collections/' took 0.00s
[2020.07.24-12.32.51:673][  0]LogContentBrowser: Native class hierarchy populated in 0.0291 seconds. Added 3427 classes and 821 folders.
[2020.07.24-12.32.51:678][  0]LogContentBrowser: Native class hierarchy updated for 'WidgetCarousel' in 0.0005 seconds. Added 0 classes and 0 folders.
[2020.07.24-12.32.54:046][  0]LogContentBrowser: Native class hierarchy updated for 'AddContentDialog' in 0.0012 seconds. Added 0 classes and 0 folders.
[2020.07.24-12.32.54:050][  0]LogContentBrowser: Native class hierarchy updated for 'SceneOutliner' in 0.0012 seconds. Added 2 classes and 0 folders.
[2020.07.24-12.32.54:235][  0]LogSlate: Took 0.000216 seconds to synchronously load lazily loaded font '../../../Engine/Content/Slate/Fonts/Roboto-Regular.ttf' (155K)
[2020.07.24-12.32.54:236][  0]LogSlate: Took 0.000157 seconds to synchronously load lazily loaded font '../../../Engine/Content/Slate/Fonts/Roboto-Bold.ttf' (160K)
[2020.07.24-12.32.54:289][  0]LogSlate: Took 0.048474 seconds to synchronously load lazily loaded font '../../../Engine/Content/Editor/Slate/Fonts/FontAwesome.ttf' (139K)
[2020.07.24-12.32.54:445][  0]LogRenderer: Reallocating scene render targets to support 1188x632 Format 10 NumSamples 1 (Frame:1).
[2020.07.24-12.32.54:606][  0]LogContentBrowser: Native class hierarchy updated for 'HierarchicalLODOutliner' in 0.0003 seconds. Added 0 classes and 0 folders.
[2020.07.24-12.32.54:606][  0]LogLoad: (Engine Initialization) Total time: 13.36 seconds
[2020.07.24-12.32.54:606][  0]LogLoad: (Engine Initialization) Total Blueprint compile time: 0.00 seconds
[2020.07.24-12.32.54:653][  0]LogAssetRegistry: Asset discovery search completed in 9.4396 seconds
[2020.07.24-12.32.54:657][  0]LogCollectionManager: Fixed up redirectors for 0 collections in 0.000002 seconds (updated 0 objects)
[2020.07.24-12.32.54:659][  0]LogContentStreaming: Texture pool size now 1000 MB
[2020.07.24-12.32.54:704][  0]LogSlate: Took 0.015466 seconds to synchronously load lazily loaded font '../../../Engine/Content/Slate/Fonts/Roboto-Light.ttf' (167K)
[2020.07.24-12.36.25:964][ 47]LogEditorViewport: Clicking on Actor (LMB): StaticMeshActor (Floor)
[2020.07.24-12.36.37:205][849]LogEditorViewport: Clicking on Actor (LMB): StaticMeshActor (Wall1)
[2020.07.24-12.36.45:448][526]LogEditorViewport: Clicking on Actor (LMB): StaticMeshActor (Floor2)
[2020.07.24-12.36.48:196][773]LogEditorViewport: Clicking on Actor (LMB): StaticMeshActor (Floor4)
[2020.07.24-12.36.48:999][842]LogEditorViewport: Clicking on Actor (CTRL LMB): StaticMeshActor (Floor)
[2020.07.24-12.37.00:647][825]LogEditorViewport: Clicking on Actor (LMB): StaticMeshActor (Floor)
[2020.07.24-12.37.03:982][123]Cmd: TRANSACTION UNDO
[2020.07.24-12.37.03:982][123]LogEditorTransaction: Undo Move Actors
[2020.07.24-12.37.04:000][123]LogSlate: Took 0.000208 seconds to synchronously load lazily loaded font '../../../Engine/Content/Slate/Fonts/Roboto-Light.ttf' (167K)
[2020.07.24-12.37.29:481][118]Cmd: TRANSACTION UNDO
[2020.07.24-12.37.29:481][118]LogEditorTransaction: Undo Move Actors
[2020.07.24-12.37.29:919][129]Cmd: TRANSACTION UNDO
[2020.07.24-12.37.29:919][129]LogEditorTransaction: Undo Move Actors
[2020.07.24-12.37.30:790][213]Cmd: TRANSACTION UNDO
[2020.07.24-12.37.30:790][213]LogEditorTransaction: Undo Move Actors
[2020.07.24-12.37.32:258][386]Cmd: TRANSACTION REDO
[2020.07.24-12.37.32:258][386]LogEditorTransaction: Redo Move Actors
[2020.07.24-12.37.41:260][324]LogEditorViewport: Clicking on Actor (context menu): StaticMeshActor (Floor2)
[2020.07.24-12.38.06:851][189]LogEditorViewport: Clicking on Actor (LMB): StaticMeshActor (Floor5)
[2020.07.24-12.38.33:053][505]LogEditorViewport: Clicking on Actor (CTRL LMB): StaticMeshActor (Floor7)
[2020.07.24-12.38.33:653][555]LogEditorViewport: Clicking on Actor (CTRL LMB): StaticMeshActor (Floor6)
[2020.07.24-12.38.34:155][596]LogEditorViewport: Clicking on Actor (CTRL LMB): StaticMeshActor (Floor5)
[2020.07.24-12.38.38:978][ 21]Cmd: TRANSACTION UNDO
[2020.07.24-12.38.38:978][ 21]LogEditorTransaction: Undo Move Actors
[2020.07.24-12.38.40:309][ 86]LogEditorViewport: Clicking on Actor (LMB): StaticMeshActor (Floor6)
[2020.07.24-12.38.41:965][194]LogEditorViewport: Clicking on Actor (LMB): StaticMeshActor (Floor8)
[2020.07.24-12.38.42:487][237]LogEditorViewport: Clicking on Actor (CTRL LMB): StaticMeshActor (Floor7)
[2020.07.24-12.38.43:046][282]LogEditorViewport: Clicking on Actor (CTRL LMB): StaticMeshActor (Floor6)
[2020.07.24-12.38.43:668][334]LogEditorViewport: Clicking on Actor (CTRL LMB): StaticMeshActor (Floor5)
[2020.07.24-12.38.46:059][541]LogEditorViewport: Clicking on Actor (LMB): StaticMeshActor (Floor8)
[2020.07.24-12.38.56:167][429]LogEditorViewport: Clicking on Actor (CTRL LMB): StaticMeshActor (Floor9)
[2020.07.24-12.38.56:786][481]LogEditorViewport: Clicking on Actor (CTRL LMB): StaticMeshActor (Floor8)
[2020.07.24-12.38.57:318][525]LogEditorViewport: Clicking on Actor (CTRL LMB): StaticMeshActor (Floor7)
[2020.07.24-12.38.57:740][559]LogEditorViewport: Clicking on Actor (CTRL LMB): StaticMeshActor (Floor6)
[2020.07.24-12.38.58:288][604]LogEditorViewport: Clicking on Actor (CTRL LMB): StaticMeshActor (Floor5)
[2020.07.24-12.39.01:254][861]LogEditorViewport: Clicking on Actor (LMB): StaticMeshActor (Floor10)
[2020.07.24-12.39.04:991][190]LogEditorViewport: Clicking on Actor (LMB): TopDownCharacter_C (TopDownCharacter)
[2020.07.24-12.39.08:211][456]LogTemp: Repeating last play command: Selected Viewport
[2020.07.24-12.39.08:229][456]LogPlayLevel: PlayLevel: No blueprints needed recompiling
[2020.07.24-12.39.08:235][456]PIE: New page: PIE session: TopDownExampleMap (Jul 24, 2020, 6:39:08 AM)
[2020.07.24-12.39.08:236][456]LogOnline: OSS: Creating online subsystem instance for: NULL
[2020.07.24-12.39.08:237][456]LogOnline: OSS: TryLoadSubsystemAndSetDefault: Loaded subsystem for module [NULL]
[2020.07.24-12.39.08:237][456]LogPlayLevel: Creating play world package: /Game/TopDownBP/Maps/UEDPIE_0_TopDownExampleMap
[2020.07.24-12.39.08:243][456]LogPlayLevel: PIE: StaticDuplicateObject took: (0.005871s)
[2020.07.24-12.39.08:244][456]LogAIModule: Creating AISystem for world TopDownExampleMap
[2020.07.24-12.39.08:244][456]LogAISub: UAISubsystem::UAISubsystem EnvQueryManager (0000021AD8E13E00), frame # 21456
[2020.07.24-12.39.08:244][456]LogAISub: UAISubsystem::UAISubsystem AIPerceptionSystem (0000021ADF5DA700), frame # 21456
[2020.07.24-12.39.08:244][456]LogPlayLevel: PIE: World Init took: (0.001234s)
[2020.07.24-12.39.08:244][456]LogPlayLevel: PIE: Created PIE world by copying editor world from /Game/TopDownBP/Maps/TopDownExampleMap.TopDownExampleMap to /Game/TopDownBP/Maps/UEDPIE_0_TopDownExampleMap.TopDownExampleMap (0.007253s)
[2020.07.24-12.39.08:254][456]LogUObjectHash: Compacting FUObjectHashTables data took   0.76ms
[2020.07.24-12.39.08:257][456]LogAudioMixer: Display: Audio Mixer Platform Settings:
[2020.07.24-12.39.08:257][456]LogAudioMixer: Display: 	Sample Rate:						  48000
[2020.07.24-12.39.08:257][456]LogAudioMixer: Display: 	Callback Buffer Frame Size Requested: 1024
[2020.07.24-12.39.08:257][456]LogAudioMixer: Display: 	Callback Buffer Frame Size To Use:	  1024
[2020.07.24-12.39.08:257][456]LogAudioMixer: Display: 	Number of buffers to queue:			  2
[2020.07.24-12.39.08:257][456]LogAudioMixer: Display: 	Max Channels (voices):				  32
[2020.07.24-12.39.08:257][456]LogAudioMixer: Display: 	Number of Async Source Workers:		  0
[2020.07.24-12.39.08:257][456]LogAudio: Display: AudioDevice MaxSources: 32
[2020.07.24-12.39.08:257][456]LogAudio: Display: Using built-in audio occlusion.
[2020.07.24-12.39.08:257][456]LogAudioMixer: Display: Initializing audio mixer.
[2020.07.24-12.39.08:260][456]LogAudioMixer: Display: 0: FrontLeft
[2020.07.24-12.39.08:260][456]LogAudioMixer: Display: 1: FrontRight
[2020.07.24-12.39.08:290][456]LogAudioMixer: Display: Using Audio Device Alto-falantes (Realtek High Definition Audio)
[2020.07.24-12.39.08:290][456]LogAudioMixer: Display: Initializing Sound Submixes...
[2020.07.24-12.39.08:290][456]LogAudioMixer: Display: Creating Master Submix 'MasterSubmixDefault'
[2020.07.24-12.39.08:290][456]LogAudioMixer: Display: Creating Master Submix 'MasterReverbSubmixDefault'
[2020.07.24-12.39.08:291][456]LogAudioMixer: Display: Creating Master Submix 'MasterEQSubmixDefault'
[2020.07.24-12.39.08:303][456]LogInit: FAudioDevice initialized.
[2020.07.24-12.39.08:315][456]LogLoad: Game class is 'TopDownGameMode_C'
[2020.07.24-12.39.08:318][456]LogWorld: Bringing World /Game/TopDownBP/Maps/UEDPIE_0_TopDownExampleMap.TopDownExampleMap up for play (max tick rate 0) at 2020.07.24-09.39.08
[2020.07.24-12.39.08:318][456]LogWorld: Bringing up level for play took: 0.002143
[2020.07.24-12.39.08:318][456]LogOnline: OSS: Creating online subsystem instance for: :Context_5
[2020.07.24-12.39.08:367][456]LogContentBrowser: Native class hierarchy updated for 'MovieSceneCapture' in 0.0010 seconds. Added 20 classes and 0 folders.
[2020.07.24-12.39.08:368][456]PIE: Server logged in
[2020.07.24-12.39.08:371][456]PIE: Play in editor total start time 0.143 seconds.
[2020.07.24-12.39.13:279][944]LogSlate: Updating window title bar state: overlay mode, drag disabled, window buttons hidden, title bar hidden
[2020.07.24-12.39.13:279][944]LogWorld: BeginTearingDown for /Game/TopDownBP/Maps/UEDPIE_0_TopDownExampleMap
[2020.07.24-12.39.13:280][944]LogWorld: UWorld::CleanupWorld for TopDownExampleMap, bSessionEnded=true, bCleanupResources=true
[2020.07.24-12.39.13:280][944]LogSlate: InvalidateAllWidgets triggered.  All widgets were invalidated
[2020.07.24-12.39.13:289][944]LogPlayLevel: Display: Shutting down PIE online subsystems
[2020.07.24-12.39.13:291][944]LogSlate: InvalidateAllWidgets triggered.  All widgets were invalidated
[2020.07.24-12.39.13:345][944]LogSlate: Updating window title bar state: overlay mode, drag disabled, window buttons hidden, title bar hidden
[2020.07.24-12.39.13:346][944]LogAISub: UAISubsystem::~UAISubsystem AIPerceptionSystem (0000021ADF5DA700), frame # 21944
[2020.07.24-12.39.13:346][944]LogAISub: UAISubsystem::~UAISubsystem EnvQueryManager (0000021AD8E13E00), frame # 21944
[2020.07.24-12.39.13:349][944]LogUObjectHash: Compacting FUObjectHashTables data took   1.84ms
[2020.07.24-12.39.13:416][945]LogPlayLevel: Display: Destroying online subsystem :Context_5
[2020.07.24-12.39.16:100][164]LogEditorViewport: Clicking on Actor (LMB): StaticMeshActor (Floor)
[2020.07.24-12.39.17:156][236]LogEditorViewport: Clicking on Actor (LMB): StaticMeshActor (Floor5)
[2020.07.24-12.39.17:628][273]LogEditorViewport: Clicking on Actor (LMB): StaticMeshActor (Floor6)
[2020.07.24-12.39.18:655][362]LogEditorViewport: Clicking on Actor (LMB): StaticMeshActor (Floor10)
[2020.07.24-12.39.20:336][507]LogTemp: Repeating last play command: Selected Viewport
[2020.07.24-12.39.20:353][507]LogPlayLevel: PlayLevel: No blueprints needed recompiling
[2020.07.24-12.39.20:353][507]PIE: New page: PIE session: TopDownExampleMap (Jul 24, 2020, 6:39:20 AM)
[2020.07.24-12.39.20:353][507]LogPlayLevel: Creating play world package: /Game/TopDownBP/Maps/UEDPIE_0_TopDownExampleMap
[2020.07.24-12.39.20:359][507]LogPlayLevel: PIE: StaticDuplicateObject took: (0.005363s)
[2020.07.24-12.39.20:359][507]LogAIModule: Creating AISystem for world TopDownExampleMap
[2020.07.24-12.39.20:359][507]LogAISub: UAISubsystem::UAISubsystem EnvQueryManager (0000021ADF845200), frame # 22507
[2020.07.24-12.39.20:359][507]LogAISub: UAISubsystem::UAISubsystem AIPerceptionSystem (0000021A904F0CC0), frame # 22507
[2020.07.24-12.39.20:360][507]LogPlayLevel: PIE: World Init took: (0.001103s)
[2020.07.24-12.39.20:360][507]LogPlayLevel: PIE: Created PIE world by copying editor world from /Game/TopDownBP/Maps/TopDownExampleMap.TopDownExampleMap to /Game/TopDownBP/Maps/UEDPIE_0_TopDownExampleMap.TopDownExampleMap (0.006616s)
[2020.07.24-12.39.20:369][507]LogUObjectHash: Compacting FUObjectHashTables data took   0.57ms
[2020.07.24-12.39.20:372][507]LogAudioMixer: Display: Audio Mixer Platform Settings:
[2020.07.24-12.39.20:372][507]LogAudioMixer: Display: 	Sample Rate:						  48000
[2020.07.24-12.39.20:372][507]LogAudioMixer: Display: 	Callback Buffer Frame Size Requested: 1024
[2020.07.24-12.39.20:372][507]LogAudioMixer: Display: 	Callback Buffer Frame Size To Use:	  1024
[2020.07.24-12.39.20:372][507]LogAudioMixer: Display: 	Number of buffers to queue:			  2
[2020.07.24-12.39.20:372][507]LogAudioMixer: Display: 	Max Channels (voices):				  32
[2020.07.24-12.39.20:372][507]LogAudioMixer: Display: 	Number of Async Source Workers:		  0
[2020.07.24-12.39.20:372][507]LogAudio: Display: AudioDevice MaxSources: 32
[2020.07.24-12.39.20:372][507]LogAudio: Display: Using built-in audio occlusion.
[2020.07.24-12.39.20:372][507]LogAudioMixer: Display: Initializing audio mixer.
[2020.07.24-12.39.20:374][507]LogAudioMixer: Display: 0: FrontLeft
[2020.07.24-12.39.20:374][507]LogAudioMixer: Display: 1: FrontRight
[2020.07.24-12.39.20:402][507]LogAudioMixer: Display: Using Audio Device Alto-falantes (Realtek High Definition Audio)
[2020.07.24-12.39.20:402][507]LogAudioMixer: Display: Initializing Sound Submixes...
[2020.07.24-12.39.20:402][507]LogAudioMixer: Display: Creating Master Submix 'MasterSubmixDefault'
[2020.07.24-12.39.20:402][507]LogAudioMixer: Display: Creating Master Submix 'MasterReverbSubmixDefault'
[2020.07.24-12.39.20:403][507]LogAudioMixer: Display: Creating Master Submix 'MasterEQSubmixDefault'
[2020.07.24-12.39.20:416][507]LogInit: FAudioDevice initialized.
[2020.07.24-12.39.20:424][507]LogLoad: Game class is 'TopDownGameMode_C'
[2020.07.24-12.39.20:426][507]LogWorld: Bringing World /Game/TopDownBP/Maps/UEDPIE_0_TopDownExampleMap.TopDownExampleMap up for play (max tick rate 0) at 2020.07.24-09.39.20
[2020.07.24-12.39.20:426][507]LogWorld: Bringing up level for play took: 0.001519
[2020.07.24-12.39.20:427][507]LogOnline: OSS: Creating online subsystem instance for: :Context_6
[2020.07.24-12.39.20:428][507]PIE: Server logged in
[2020.07.24-12.39.20:429][507]PIE: Play in editor total start time 0.077 seconds.
[2020.07.24-12.39.22:568][721]LogSlate: Updating window title bar state: overlay mode, drag disabled, window buttons hidden, title bar hidden
[2020.07.24-12.39.22:568][721]LogWorld: BeginTearingDown for /Game/TopDownBP/Maps/UEDPIE_0_TopDownExampleMap
[2020.07.24-12.39.22:568][721]LogWorld: UWorld::CleanupWorld for TopDownExampleMap, bSessionEnded=true, bCleanupResources=true
[2020.07.24-12.39.22:568][721]LogSlate: InvalidateAllWidgets triggered.  All widgets were invalidated
[2020.07.24-12.39.22:577][721]LogPlayLevel: Display: Shutting down PIE online subsystems
[2020.07.24-12.39.22:579][721]LogSlate: InvalidateAllWidgets triggered.  All widgets were invalidated
[2020.07.24-12.39.22:588][721]LogSlate: Updating window title bar state: overlay mode, drag disabled, window buttons hidden, title bar hidden
[2020.07.24-12.39.22:606][721]LogAISub: UAISubsystem::~UAISubsystem AIPerceptionSystem (0000021A904F0CC0), frame # 22721
[2020.07.24-12.39.22:606][721]LogAISub: UAISubsystem::~UAISubsystem EnvQueryManager (0000021ADF845200), frame # 22721
[2020.07.24-12.39.22:607][721]LogUObjectHash: Compacting FUObjectHashTables data took   0.71ms
[2020.07.24-12.39.22:673][723]LogPlayLevel: Display: Destroying online subsystem :Context_6
[2020.07.24-12.39.26:368][ 13]LogEditorViewport: Clicking on Actor (LMB): StaticMeshActor (Floor5)
[2020.07.24-12.39.27:488][111]Cmd: TRANSACTION UNDO
[2020.07.24-12.39.27:488][111]LogEditorTransaction: Undo Clicking on Actors
[2020.07.24-12.39.27:686][116]Cmd: TRANSACTION UNDO
[2020.07.24-12.39.27:686][116]LogEditorTransaction: Undo Clicking on Actors
[2020.07.24-12.39.28:468][154]LogEditorViewport: Clicking on Actor (LMB): StaticMeshActor (Floor5)
[2020.07.24-12.39.28:960][183]LogEditorViewport: Clicking on Actor (CTRL LMB): StaticMeshActor (Floor6)
[2020.07.24-12.39.29:370][208]LogEditorViewport: Clicking on Actor (CTRL LMB): StaticMeshActor (Floor7)
[2020.07.24-12.39.30:265][264]LogEditorViewport: Clicking on Actor (CTRL LMB): StaticMeshActor (Floor8)
[2020.07.24-12.39.30:612][284]LogEditorViewport: Clicking on Actor (CTRL LMB): StaticMeshActor (Floor9)
[2020.07.24-12.39.30:965][312]LogEditorViewport: Clicking on Actor (CTRL LMB): StaticMeshActor (Floor10)
[2020.07.24-12.39.31:594][365]Cmd: DELETE
[2020.07.24-12.39.31:594][365]Cmd: ACTOR DELETE
[2020.07.24-12.39.31:600][365]LogEditorActor: Deleted Actor: StaticMeshActor
[2020.07.24-12.39.31:601][365]LogEditorActor: Deleted Actor: StaticMeshActor
[2020.07.24-12.39.31:601][365]LogEditorActor: Deleted Actor: StaticMeshActor
[2020.07.24-12.39.31:601][365]LogEditorActor: Deleted Actor: StaticMeshActor
[2020.07.24-12.39.31:601][365]LogEditorActor: Deleted Actor: StaticMeshActor
[2020.07.24-12.39.31:601][365]LogEditorActor: Deleted Actor: StaticMeshActor
[2020.07.24-12.39.31:610][365]LogUObjectHash: Compacting FUObjectHashTables data took   0.62ms
[2020.07.24-12.39.31:612][365]LogEditorActor: Deleted 6 Actors (0.018 secs)
[2020.07.24-12.39.32:252][423]LogEditorViewport: Clicking on Actor (LMB): StaticMeshActor (Floor)
[2020.07.24-12.39.33:501][532]LogEditorViewport: Clicking on Actor (LMB): StaticMeshActor (Floor)
[2020.07.24-12.39.34:021][576]Cmd: TRANSACTION UNDO
[2020.07.24-12.39.34:021][576]LogEditorTransaction: Undo Clicking on Actors
[2020.07.24-12.39.34:236][581]Cmd: TRANSACTION UNDO
[2020.07.24-12.39.34:236][581]LogEditorTransaction: Undo Delete Actors
[2020.07.24-12.39.35:292][637]LogEditorViewport: Clicking on Actor (LMB): TopDownCharacter_C (TopDownCharacter)
[2020.07.24-12.39.37:659][786]LogTemp: Repeating last play command: Selected Viewport
[2020.07.24-12.39.37:683][786]LogPlayLevel: PlayLevel: No blueprints needed recompiling
[2020.07.24-12.39.37:683][786]PIE: New page: PIE session: TopDownExampleMap (Jul 24, 2020, 6:39:37 AM)
[2020.07.24-12.39.37:683][786]LogPlayLevel: Creating play world package: /Game/TopDownBP/Maps/UEDPIE_0_TopDownExampleMap
[2020.07.24-12.39.37:690][786]LogPlayLevel: PIE: StaticDuplicateObject took: (0.007130s)
[2020.07.24-12.39.37:691][786]LogAIModule: Creating AISystem for world TopDownExampleMap
[2020.07.24-12.39.37:691][786]LogAISub: UAISubsystem::UAISubsystem EnvQueryManager (0000021ACA006000), frame # 23786
[2020.07.24-12.39.37:692][786]LogAISub: UAISubsystem::UAISubsystem AIPerceptionSystem (0000021A904F0CC0), frame # 23786
[2020.07.24-12.39.37:692][786]LogPlayLevel: PIE: World Init took: (0.001653s)
[2020.07.24-12.39.37:692][786]LogPlayLevel: PIE: Created PIE world by copying editor world from /Game/TopDownBP/Maps/TopDownExampleMap.TopDownExampleMap to /Game/TopDownBP/Maps/UEDPIE_0_TopDownExampleMap.TopDownExampleMap (0.008926s)
[2020.07.24-12.39.37:700][786]LogUObjectHash: Compacting FUObjectHashTables data took   0.65ms
[2020.07.24-12.39.37:703][786]LogAudioMixer: Display: Audio Mixer Platform Settings:
[2020.07.24-12.39.37:703][786]LogAudioMixer: Display: 	Sample Rate:						  48000
[2020.07.24-12.39.37:703][786]LogAudioMixer: Display: 	Callback Buffer Frame Size Requested: 1024
[2020.07.24-12.39.37:703][786]LogAudioMixer: Display: 	Callback Buffer Frame Size To Use:	  1024
[2020.07.24-12.39.37:703][786]LogAudioMixer: Display: 	Number of buffers to queue:			  2
[2020.07.24-12.39.37:703][786]LogAudioMixer: Display: 	Max Channels (voices):				  32
[2020.07.24-12.39.37:703][786]LogAudioMixer: Display: 	Number of Async Source Workers:		  0
[2020.07.24-12.39.37:703][786]LogAudio: Display: AudioDevice MaxSources: 32
[2020.07.24-12.39.37:703][786]LogAudio: Display: Using built-in audio occlusion.
[2020.07.24-12.39.37:703][786]LogAudioMixer: Display: Initializing audio mixer.
[2020.07.24-12.39.37:706][786]LogAudioMixer: Display: 0: FrontLeft
[2020.07.24-12.39.37:706][786]LogAudioMixer: Display: 1: FrontRight
[2020.07.24-12.39.37:771][786]LogAudioMixer: Display: Using Audio Device Alto-falantes (Realtek High Definition Audio)
[2020.07.24-12.39.37:771][786]LogAudioMixer: Display: Initializing Sound Submixes...
[2020.07.24-12.39.37:771][786]LogAudioMixer: Display: Creating Master Submix 'MasterSubmixDefault'
[2020.07.24-12.39.37:771][786]LogAudioMixer: Display: Creating Master Submix 'MasterReverbSubmixDefault'
[2020.07.24-12.39.37:772][786]LogAudioMixer: Display: Creating Master Submix 'MasterEQSubmixDefault'
[2020.07.24-12.39.37:773][786]LogInit: FAudioDevice initialized.
[2020.07.24-12.39.37:785][786]LogLoad: Game class is 'TopDownGameMode_C'
[2020.07.24-12.39.37:788][786]LogWorld: Bringing World /Game/TopDownBP/Maps/UEDPIE_0_TopDownExampleMap.TopDownExampleMap up for play (max tick rate 0) at 2020.07.24-09.39.37
[2020.07.24-12.39.37:788][786]LogWorld: Bringing up level for play took: 0.002471
[2020.07.24-12.39.37:788][786]LogOnline: OSS: Creating online subsystem instance for: :Context_7
[2020.07.24-12.39.37:790][786]PIE: Server logged in
[2020.07.24-12.39.37:791][786]PIE: Play in editor total start time 0.109 seconds.
[2020.07.24-12.39.40:627][ 45]LogSlate: Updating window title bar state: overlay mode, drag disabled, window buttons hidden, title bar hidden
[2020.07.24-12.39.40:628][ 45]LogWorld: BeginTearingDown for /Game/TopDownBP/Maps/UEDPIE_0_TopDownExampleMap
[2020.07.24-12.39.40:628][ 45]LogWorld: UWorld::CleanupWorld for TopDownExampleMap, bSessionEnded=true, bCleanupResources=true
[2020.07.24-12.39.40:628][ 45]LogSlate: InvalidateAllWidgets triggered.  All widgets were invalidated
[2020.07.24-12.39.40:636][ 45]LogPlayLevel: Display: Shutting down PIE online subsystems
[2020.07.24-12.39.40:638][ 45]LogSlate: InvalidateAllWidgets triggered.  All widgets were invalidated
[2020.07.24-12.39.40:681][ 45]LogSlate: Updating window title bar state: overlay mode, drag disabled, window buttons hidden, title bar hidden
[2020.07.24-12.39.40:683][ 45]LogAISub: UAISubsystem::~UAISubsystem AIPerceptionSystem (0000021A904F0CC0), frame # 24045
[2020.07.24-12.39.40:683][ 45]LogAISub: UAISubsystem::~UAISubsystem EnvQueryManager (0000021ACA006000), frame # 24045
[2020.07.24-12.39.40:684][ 45]LogUObjectHash: Compacting FUObjectHashTables data took   0.84ms
[2020.07.24-12.39.40:723][ 46]LogPlayLevel: Display: Destroying online subsystem :Context_7
[2020.07.24-12.39.42:756][203]LogEditorViewport: Clicking on Actor (LMB): StaticMeshActor (Floor10)
[2020.07.24-12.39.43:215][230]LogEditorViewport: Clicking on Actor (CTRL LMB): StaticMeshActor (Floor9)
[2020.07.24-12.39.43:672][267]LogEditorViewport: Clicking on Actor (CTRL LMB): StaticMeshActor (Floor8)
[2020.07.24-12.39.44:173][309]LogEditorViewport: Clicking on Actor (CTRL LMB): StaticMeshActor (Floor7)
[2020.07.24-12.39.44:506][336]LogEditorViewport: Clicking on Actor (CTRL LMB): StaticMeshActor (Floor6)
[2020.07.24-12.39.44:832][362]LogEditorViewport: Clicking on Actor (CTRL LMB): StaticMeshActor (Floor5)
[2020.07.24-12.39.45:522][421]Cmd: DELETE
[2020.07.24-12.39.45:522][421]Cmd: ACTOR DELETE
[2020.07.24-12.39.45:525][421]LogEditorActor: Deleted Actor: StaticMeshActor
[2020.07.24-12.39.45:526][421]LogEditorActor: Deleted Actor: StaticMeshActor
[2020.07.24-12.39.45:526][421]LogEditorActor: Deleted Actor: StaticMeshActor
[2020.07.24-12.39.45:526][421]LogEditorActor: Deleted Actor: StaticMeshActor
[2020.07.24-12.39.45:527][421]LogEditorActor: Deleted Actor: StaticMeshActor
[2020.07.24-12.39.45:527][421]LogEditorActor: Deleted Actor: StaticMeshActor
[2020.07.24-12.39.45:536][421]LogUObjectHash: Compacting FUObjectHashTables data took   0.76ms
[2020.07.24-12.39.45:538][421]LogEditorActor: Deleted 6 Actors (0.016 secs)
[2020.07.24-12.39.46:448][498]LogTemp: Repeating last play command: Selected Viewport
[2020.07.24-12.39.46:472][498]LogPlayLevel: PlayLevel: No blueprints needed recompiling
[2020.07.24-12.39.46:472][498]PIE: New page: PIE session: TopDownExampleMap (Jul 24, 2020, 6:39:46 AM)
[2020.07.24-12.39.46:472][498]LogPlayLevel: Creating play world package: /Game/TopDownBP/Maps/UEDPIE_0_TopDownExampleMap
[2020.07.24-12.39.46:479][498]LogPlayLevel: PIE: StaticDuplicateObject took: (0.006929s)
[2020.07.24-12.39.46:481][498]LogAIModule: Creating AISystem for world TopDownExampleMap
[2020.07.24-12.39.46:481][498]LogAISub: UAISubsystem::UAISubsystem EnvQueryManager (0000021ADF51D400), frame # 24498
[2020.07.24-12.39.46:481][498]LogAISub: UAISubsystem::UAISubsystem AIPerceptionSystem (0000021ADF5D9D00), frame # 24498
[2020.07.24-12.39.46:482][498]LogPlayLevel: PIE: World Init took: (0.002343s)
[2020.07.24-12.39.46:482][498]LogPlayLevel: PIE: Created PIE world by copying editor world from /Game/TopDownBP/Maps/TopDownExampleMap.TopDownExampleMap to /Game/TopDownBP/Maps/UEDPIE_0_TopDownExampleMap.TopDownExampleMap (0.009498s)
[2020.07.24-12.39.46:491][498]LogUObjectHash: Compacting FUObjectHashTables data took   0.64ms
[2020.07.24-12.39.46:493][498]LogAudioMixer: Display: Audio Mixer Platform Settings:
[2020.07.24-12.39.46:493][498]LogAudioMixer: Display: 	Sample Rate:						  48000
[2020.07.24-12.39.46:493][498]LogAudioMixer: Display: 	Callback Buffer Frame Size Requested: 1024
[2020.07.24-12.39.46:493][498]LogAudioMixer: Display: 	Callback Buffer Frame Size To Use:	  1024
[2020.07.24-12.39.46:493][498]LogAudioMixer: Display: 	Number of buffers to queue:			  2
[2020.07.24-12.39.46:493][498]LogAudioMixer: Display: 	Max Channels (voices):				  32
[2020.07.24-12.39.46:493][498]LogAudioMixer: Display: 	Number of Async Source Workers:		  0
[2020.07.24-12.39.46:493][498]LogAudio: Display: AudioDevice MaxSources: 32
[2020.07.24-12.39.46:493][498]LogAudio: Display: Using built-in audio occlusion.
[2020.07.24-12.39.46:493][498]LogAudioMixer: Display: Initializing audio mixer.
[2020.07.24-12.39.46:496][498]LogAudioMixer: Display: 0: FrontLeft
[2020.07.24-12.39.46:496][498]LogAudioMixer: Display: 1: FrontRight
[2020.07.24-12.39.46:525][498]LogAudioMixer: Display: Using Audio Device Alto-falantes (Realtek High Definition Audio)
[2020.07.24-12.39.46:525][498]LogAudioMixer: Display: Initializing Sound Submixes...
[2020.07.24-12.39.46:525][498]LogAudioMixer: Display: Creating Master Submix 'MasterSubmixDefault'
[2020.07.24-12.39.46:525][498]LogAudioMixer: Display: Creating Master Submix 'MasterReverbSubmixDefault'
[2020.07.24-12.39.46:526][498]LogAudioMixer: Display: Creating Master Submix 'MasterEQSubmixDefault'
[2020.07.24-12.39.46:539][498]LogInit: FAudioDevice initialized.
[2020.07.24-12.39.46:551][498]LogLoad: Game class is 'TopDownGameMode_C'
[2020.07.24-12.39.46:554][498]LogWorld: Bringing World /Game/TopDownBP/Maps/UEDPIE_0_TopDownExampleMap.TopDownExampleMap up for play (max tick rate 0) at 2020.07.24-09.39.46
[2020.07.24-12.39.46:554][498]LogWorld: Bringing up level for play took: 0.001617
[2020.07.24-12.39.46:554][498]LogOnline: OSS: Creating online subsystem instance for: :Context_8
[2020.07.24-12.39.46:556][498]PIE: Server logged in
[2020.07.24-12.39.46:556][498]PIE: Play in editor total start time 0.084 seconds.
[2020.07.24-12.39.48:227][658]LogSlate: Updating window title bar state: overlay mode, drag disabled, window buttons hidden, title bar hidden
[2020.07.24-12.39.48:227][658]LogWorld: BeginTearingDown for /Game/TopDownBP/Maps/UEDPIE_0_TopDownExampleMap
[2020.07.24-12.39.48:227][658]LogWorld: UWorld::CleanupWorld for TopDownExampleMap, bSessionEnded=true, bCleanupResources=true
[2020.07.24-12.39.48:228][658]LogSlate: InvalidateAllWidgets triggered.  All widgets were invalidated
[2020.07.24-12.39.48:239][658]LogPlayLevel: Display: Shutting down PIE online subsystems
[2020.07.24-12.39.48:241][658]LogSlate: InvalidateAllWidgets triggered.  All widgets were invalidated
[2020.07.24-12.39.48:249][658]LogSlate: Updating window title bar state: overlay mode, drag disabled, window buttons hidden, title bar hidden
[2020.07.24-12.39.48:268][658]LogAISub: UAISubsystem::~UAISubsystem AIPerceptionSystem (0000021ADF5D9D00), frame # 24658
[2020.07.24-12.39.48:268][658]LogAISub: UAISubsystem::~UAISubsystem EnvQueryManager (0000021ADF51D400), frame # 24658
[2020.07.24-12.39.48:269][658]LogUObjectHash: Compacting FUObjectHashTables data took   0.72ms
[2020.07.24-12.39.48:307][659]LogPlayLevel: Display: Destroying online subsystem :Context_8
